The system is: Linux - 5.0.13-arch1-1-ARCH - x86_64
Compiling the C compiler identification source file "CMakeCCompilerId.c" succeeded.
Compiler: /usr/bin/clang-8 
Build flags: 
Id flags:  

The output was:
0


Compilation of the C compiler identification source "CMakeCCompilerId.c" produced "a.out"

The C compiler identification is Clang, found in "/home/lumi/code/cpp/d++cord/bin/CMakeFiles/3.14.3/CompilerIdC/a.out"

Compiling the CXX compiler identification source file "CMakeCXXCompilerId.cpp" succeeded.
Compiler: /usr/bin/clang++ 
Build flags: 
Id flags:  

The output was:
0


Compilation of the CXX compiler identification source "CMakeCXXCompilerId.cpp" produced "a.out"

The CXX compiler identification is Clang, found in "/home/lumi/code/cpp/d++cord/bin/CMakeFiles/3.14.3/CompilerIdCXX/a.out"

Determining if the C compiler works passed with the following output:
Change Dir: /home/lumi/code/cpp/d++cord/bin/CMakeFiles/CMakeTmp

Run Build Command(s):/usr/bin/make cmTC_d6007/fast 
/usr/bin/make -f CMakeFiles/cmTC_d6007.dir/build.make CMakeFiles/cmTC_d6007.dir/build
make[1]: Verzeichnis „/home/lumi/code/cpp/d++cord/bin/CMakeFiles/CMakeTmp“ wird betreten
Building C object CMakeFiles/cmTC_d6007.dir/testCCompiler.c.o
/usr/bin/clang-8    -o CMakeFiles/cmTC_d6007.dir/testCCompiler.c.o   -c /home/lumi/code/cpp/d++cord/bin/CMakeFiles/CMakeTmp/testCCompiler.c
Linking C executable cmTC_d6007
/usr/bin/cmake -E cmake_link_script CMakeFiles/cmTC_d6007.dir/link.txt --verbose=1
/usr/bin/clang-8      CMakeFiles/cmTC_d6007.dir/testCCompiler.c.o  -o cmTC_d6007 
make[1]: Verzeichnis „/home/lumi/code/cpp/d++cord/bin/CMakeFiles/CMakeTmp“ wird verlassen


Detecting C compiler ABI info compiled with the following output:
Change Dir: /home/lumi/code/cpp/d++cord/bin/CMakeFiles/CMakeTmp

Run Build Command(s):/usr/bin/make cmTC_96eee/fast 
/usr/bin/make -f CMakeFiles/cmTC_96eee.dir/build.make CMakeFiles/cmTC_96eee.dir/build
make[1]: Entering directory '/home/lumi/code/cpp/d++cord/bin/CMakeFiles/CMakeTmp'
Building C object CMakeFiles/cmTC_96eee.dir/CMakeCCompilerABI.c.o
/usr/bin/clang-8   -v -o CMakeFiles/cmTC_96eee.dir/CMakeCCompilerABI.c.o   -c /usr/share/cmake-3.14/Modules/CMakeCCompilerABI.c
clang version 8.0.0 (tags/RELEASE_800/final)
Target: x86_64-pc-linux-gnu
Thread model: posix
InstalledDir: /usr/bin
Found candidate GCC installation: /usr/bin/../lib/gcc/x86_64-pc-linux-gnu/8.3.0
Found candidate GCC installation: /usr/bin/../lib64/gcc/x86_64-pc-linux-gnu/8.3.0
Found candidate GCC installation: /usr/lib/gcc/x86_64-pc-linux-gnu/8.3.0
Found candidate GCC installation: /usr/lib64/gcc/x86_64-pc-linux-gnu/8.3.0
Selected GCC installation: /usr/bin/../lib64/gcc/x86_64-pc-linux-gnu/8.3.0
Candidate multilib: .;@m64
Candidate multilib: 32;@m32
Selected multilib: .;@m64
 "/usr/bin/clang-8" -cc1 -triple x86_64-pc-linux-gnu -emit-obj -mrelax-all -disable-free -disable-llvm-verifier -discard-value-names -main-file-name CMakeCCompilerABI.c -mrelocation-model pic -pic-level 2 -pic-is-pie -mthread-model posix -mdisable-fp-elim -fmath-errno -masm-verbose -mconstructor-aliases -munwind-tables -fuse-init-array -target-cpu x86-64 -dwarf-column-info -debugger-tuning=gdb -v -coverage-notes-file /home/lumi/code/cpp/d++cord/bin/CMakeFiles/CMakeTmp/CMakeFiles/cmTC_96eee.dir/CMakeCCompilerABI.c.gcno -resource-dir /usr/lib/clang/8.0.0 -internal-isystem /usr/local/include -internal-isystem /usr/lib/clang/8.0.0/include -internal-externc-isystem /include -internal-externc-isystem /usr/include -fdebug-compilation-dir /home/lumi/code/cpp/d++cord/bin/CMakeFiles/CMakeTmp -ferror-limit 19 -fmessage-length 0 -stack-protector 2 -fobjc-runtime=gcc -fdiagnostics-show-option -o CMakeFiles/cmTC_96eee.dir/CMakeCCompilerABI.c.o -x c /usr/share/cmake-3.14/Modules/CMakeCCompilerABI.c -faddrsig
clang -cc1 version 8.0.0 based upon LLVM 8.0.0 default target x86_64-pc-linux-gnu
ignoring nonexistent directory "/include"
#include "..." search starts here:
#include <...> search starts here:
 /usr/local/include
 /usr/lib/clang/8.0.0/include
 /usr/include
End of search list.
Linking C executable cmTC_96eee
/usr/bin/cmake -E cmake_link_script CMakeFiles/cmTC_96eee.dir/link.txt --verbose=1
/usr/bin/clang-8     -v CMakeFiles/cmTC_96eee.dir/CMakeCCompilerABI.c.o  -o cmTC_96eee 
clang version 8.0.0 (tags/RELEASE_800/final)
Target: x86_64-pc-linux-gnu
Thread model: posix
InstalledDir: /usr/bin
Found candidate GCC installation: /usr/bin/../lib/gcc/x86_64-pc-linux-gnu/8.3.0
Found candidate GCC installation: /usr/bin/../lib64/gcc/x86_64-pc-linux-gnu/8.3.0
Found candidate GCC installation: /usr/lib/gcc/x86_64-pc-linux-gnu/8.3.0
Found candidate GCC installation: /usr/lib64/gcc/x86_64-pc-linux-gnu/8.3.0
Selected GCC installation: /usr/bin/../lib64/gcc/x86_64-pc-linux-gnu/8.3.0
Candidate multilib: .;@m64
Candidate multilib: 32;@m32
Selected multilib: .;@m64
 "/usr/bin/ld" -pie --eh-frame-hdr -m elf_x86_64 -dynamic-linker /lib64/ld-linux-x86-64.so.2 -o cmTC_96eee /usr/bin/../lib64/gcc/x86_64-pc-linux-gnu/8.3.0/../../../../lib64/Scrt1.o /usr/bin/../lib64/gcc/x86_64-pc-linux-gnu/8.3.0/../../../../lib64/crti.o /usr/bin/../lib64/gcc/x86_64-pc-linux-gnu/8.3.0/crtbeginS.o -L/usr/bin/../lib64/gcc/x86_64-pc-linux-gnu/8.3.0 -L/usr/bin/../lib64/gcc/x86_64-pc-linux-gnu/8.3.0/../../../../lib64 -L/usr/bin/../lib64 -L/lib/../lib64 -L/usr/lib/../lib64 -L/usr/bin/../lib64/gcc/x86_64-pc-linux-gnu/8.3.0/../../.. -L/usr/bin/../lib -L/lib -L/usr/lib CMakeFiles/cmTC_96eee.dir/CMakeCCompilerABI.c.o -lgcc --as-needed -lgcc_s --no-as-needed -lc -lgcc --as-needed -lgcc_s --no-as-needed /usr/bin/../lib64/gcc/x86_64-pc-linux-gnu/8.3.0/crtendS.o /usr/bin/../lib64/gcc/x86_64-pc-linux-gnu/8.3.0/../../../../lib64/crtn.o
make[1]: Leaving directory '/home/lumi/code/cpp/d++cord/bin/CMakeFiles/CMakeTmp'


Parsed C implicit include dir info from above output: rv=done
  found start of include info
  found start of implicit include info
    add: [/usr/local/include]
    add: [/usr/lib/clang/8.0.0/include]
    add: [/usr/include]
  end of search list found
  collapse include dir [/usr/local/include] ==> [/usr/local/include]
  collapse include dir [/usr/lib/clang/8.0.0/include] ==> [/usr/lib/clang/8.0.0/include]
  collapse include dir [/usr/include] ==> [/usr/include]
  implicit include dirs: [/usr/local/include;/usr/lib/clang/8.0.0/include;/usr/include]


Parsed C implicit link information from above output:
  link line regex: [^( *|.*[/\])(ld|CMAKE_LINK_STARTFILE-NOTFOUND|([^/\]+-)?ld|collect2)[^/\]*( |$)]
  ignore line: [Change Dir: /home/lumi/code/cpp/d++cord/bin/CMakeFiles/CMakeTmp]
  ignore line: []
  ignore line: [Run Build Command(s):/usr/bin/make cmTC_96eee/fast ]
  ignore line: [/usr/bin/make -f CMakeFiles/cmTC_96eee.dir/build.make CMakeFiles/cmTC_96eee.dir/build]
  ignore line: [make[1]: Entering directory '/home/lumi/code/cpp/d++cord/bin/CMakeFiles/CMakeTmp']
  ignore line: [Building C object CMakeFiles/cmTC_96eee.dir/CMakeCCompilerABI.c.o]
  ignore line: [/usr/bin/clang-8   -v -o CMakeFiles/cmTC_96eee.dir/CMakeCCompilerABI.c.o   -c /usr/share/cmake-3.14/Modules/CMakeCCompilerABI.c]
  ignore line: [clang version 8.0.0 (tags/RELEASE_800/final)]
  ignore line: [Target: x86_64-pc-linux-gnu]
  ignore line: [Thread model: posix]
  ignore line: [InstalledDir: /usr/bin]
  ignore line: [Found candidate GCC installation: /usr/bin/../lib/gcc/x86_64-pc-linux-gnu/8.3.0]
  ignore line: [Found candidate GCC installation: /usr/bin/../lib64/gcc/x86_64-pc-linux-gnu/8.3.0]
  ignore line: [Found candidate GCC installation: /usr/lib/gcc/x86_64-pc-linux-gnu/8.3.0]
  ignore line: [Found candidate GCC installation: /usr/lib64/gcc/x86_64-pc-linux-gnu/8.3.0]
  ignore line: [Selected GCC installation: /usr/bin/../lib64/gcc/x86_64-pc-linux-gnu/8.3.0]
  ignore line: [Candidate multilib: .]
  ignore line: [@m64]
  ignore line: [Candidate multilib: 32]
  ignore line: [@m32]
  ignore line: [Selected multilib: .]
  ignore line: [@m64]
  ignore line: [ "/usr/bin/clang-8" -cc1 -triple x86_64-pc-linux-gnu -emit-obj -mrelax-all -disable-free -disable-llvm-verifier -discard-value-names -main-file-name CMakeCCompilerABI.c -mrelocation-model pic -pic-level 2 -pic-is-pie -mthread-model posix -mdisable-fp-elim -fmath-errno -masm-verbose -mconstructor-aliases -munwind-tables -fuse-init-array -target-cpu x86-64 -dwarf-column-info -debugger-tuning=gdb -v -coverage-notes-file /home/lumi/code/cpp/d++cord/bin/CMakeFiles/CMakeTmp/CMakeFiles/cmTC_96eee.dir/CMakeCCompilerABI.c.gcno -resource-dir /usr/lib/clang/8.0.0 -internal-isystem /usr/local/include -internal-isystem /usr/lib/clang/8.0.0/include -internal-externc-isystem /include -internal-externc-isystem /usr/include -fdebug-compilation-dir /home/lumi/code/cpp/d++cord/bin/CMakeFiles/CMakeTmp -ferror-limit 19 -fmessage-length 0 -stack-protector 2 -fobjc-runtime=gcc -fdiagnostics-show-option -o CMakeFiles/cmTC_96eee.dir/CMakeCCompilerABI.c.o -x c /usr/share/cmake-3.14/Modules/CMakeCCompilerABI.c -faddrsig]
  ignore line: [clang -cc1 version 8.0.0 based upon LLVM 8.0.0 default target x86_64-pc-linux-gnu]
  ignore line: [ignoring nonexistent directory "/include"]
  ignore line: [#include "..." search starts here:]
  ignore line: [#include <...> search starts here:]
  ignore line: [ /usr/local/include]
  ignore line: [ /usr/lib/clang/8.0.0/include]
  ignore line: [ /usr/include]
  ignore line: [End of search list.]
  ignore line: [Linking C executable cmTC_96eee]
  ignore line: [/usr/bin/cmake -E cmake_link_script CMakeFiles/cmTC_96eee.dir/link.txt --verbose=1]
  ignore line: [/usr/bin/clang-8     -v CMakeFiles/cmTC_96eee.dir/CMakeCCompilerABI.c.o  -o cmTC_96eee ]
  ignore line: [clang version 8.0.0 (tags/RELEASE_800/final)]
  ignore line: [Target: x86_64-pc-linux-gnu]
  ignore line: [Thread model: posix]
  ignore line: [InstalledDir: /usr/bin]
  ignore line: [Found candidate GCC installation: /usr/bin/../lib/gcc/x86_64-pc-linux-gnu/8.3.0]
  ignore line: [Found candidate GCC installation: /usr/bin/../lib64/gcc/x86_64-pc-linux-gnu/8.3.0]
  ignore line: [Found candidate GCC installation: /usr/lib/gcc/x86_64-pc-linux-gnu/8.3.0]
  ignore line: [Found candidate GCC installation: /usr/lib64/gcc/x86_64-pc-linux-gnu/8.3.0]
  ignore line: [Selected GCC installation: /usr/bin/../lib64/gcc/x86_64-pc-linux-gnu/8.3.0]
  ignore line: [Candidate multilib: .]
  ignore line: [@m64]
  ignore line: [Candidate multilib: 32]
  ignore line: [@m32]
  ignore line: [Selected multilib: .]
  ignore line: [@m64]
  link line: [ "/usr/bin/ld" -pie --eh-frame-hdr -m elf_x86_64 -dynamic-linker /lib64/ld-linux-x86-64.so.2 -o cmTC_96eee /usr/bin/../lib64/gcc/x86_64-pc-linux-gnu/8.3.0/../../../../lib64/Scrt1.o /usr/bin/../lib64/gcc/x86_64-pc-linux-gnu/8.3.0/../../../../lib64/crti.o /usr/bin/../lib64/gcc/x86_64-pc-linux-gnu/8.3.0/crtbeginS.o -L/usr/bin/../lib64/gcc/x86_64-pc-linux-gnu/8.3.0 -L/usr/bin/../lib64/gcc/x86_64-pc-linux-gnu/8.3.0/../../../../lib64 -L/usr/bin/../lib64 -L/lib/../lib64 -L/usr/lib/../lib64 -L/usr/bin/../lib64/gcc/x86_64-pc-linux-gnu/8.3.0/../../.. -L/usr/bin/../lib -L/lib -L/usr/lib CMakeFiles/cmTC_96eee.dir/CMakeCCompilerABI.c.o -lgcc --as-needed -lgcc_s --no-as-needed -lc -lgcc --as-needed -lgcc_s --no-as-needed /usr/bin/../lib64/gcc/x86_64-pc-linux-gnu/8.3.0/crtendS.o /usr/bin/../lib64/gcc/x86_64-pc-linux-gnu/8.3.0/../../../../lib64/crtn.o]
    arg [/usr/bin/ld] ==> ignore
    arg [-pie] ==> ignore
    arg [--eh-frame-hdr] ==> ignore
    arg [-m] ==> ignore
    arg [elf_x86_64] ==> ignore
    arg [-dynamic-linker] ==> ignore
    arg [/lib64/ld-linux-x86-64.so.2] ==> ignore
    arg [-o] ==> ignore
    arg [cmTC_96eee] ==> ignore
    arg [/usr/bin/../lib64/gcc/x86_64-pc-linux-gnu/8.3.0/../../../../lib64/Scrt1.o] ==> ignore
    arg [/usr/bin/../lib64/gcc/x86_64-pc-linux-gnu/8.3.0/../../../../lib64/crti.o] ==> ignore
    arg [/usr/bin/../lib64/gcc/x86_64-pc-linux-gnu/8.3.0/crtbeginS.o] ==> ignore
    arg [-L/usr/bin/../lib64/gcc/x86_64-pc-linux-gnu/8.3.0] ==> dir [/usr/bin/../lib64/gcc/x86_64-pc-linux-gnu/8.3.0]
    arg [-L/usr/bin/../lib64/gcc/x86_64-pc-linux-gnu/8.3.0/../../../../lib64] ==> dir [/usr/bin/../lib64/gcc/x86_64-pc-linux-gnu/8.3.0/../../../../lib64]
    arg [-L/usr/bin/../lib64] ==> dir [/usr/bin/../lib64]
    arg [-L/lib/../lib64] ==> dir [/lib/../lib64]
    arg [-L/usr/lib/../lib64] ==> dir [/usr/lib/../lib64]
    arg [-L/usr/bin/../lib64/gcc/x86_64-pc-linux-gnu/8.3.0/../../..] ==> dir [/usr/bin/../lib64/gcc/x86_64-pc-linux-gnu/8.3.0/../../..]
    arg [-L/usr/bin/../lib] ==> dir [/usr/bin/../lib]
    arg [-L/lib] ==> dir [/lib]
    arg [-L/usr/lib] ==> dir [/usr/lib]
    arg [CMakeFiles/cmTC_96eee.dir/CMakeCCompilerABI.c.o] ==> ignore
    arg [-lgcc] ==> lib [gcc]
    arg [--as-needed] ==> ignore
    arg [-lgcc_s] ==> lib [gcc_s]
    arg [--no-as-needed] ==> ignore
    arg [-lc] ==> lib [c]
    arg [-lgcc] ==> lib [gcc]
    arg [--as-needed] ==> ignore
    arg [-lgcc_s] ==> lib [gcc_s]
    arg [--no-as-needed] ==> ignore
    arg [/usr/bin/../lib64/gcc/x86_64-pc-linux-gnu/8.3.0/crtendS.o] ==> ignore
    arg [/usr/bin/../lib64/gcc/x86_64-pc-linux-gnu/8.3.0/../../../../lib64/crtn.o] ==> ignore
  collapse library dir [/usr/bin/../lib64/gcc/x86_64-pc-linux-gnu/8.3.0] ==> [/usr/lib64/gcc/x86_64-pc-linux-gnu/8.3.0]
  collapse library dir [/usr/bin/../lib64/gcc/x86_64-pc-linux-gnu/8.3.0/../../../../lib64] ==> [/usr/lib64]
  collapse library dir [/usr/bin/../lib64] ==> [/usr/lib64]
  collapse library dir [/lib/../lib64] ==> [/lib64]
  collapse library dir [/usr/lib/../lib64] ==> [/usr/lib64]
  collapse library dir [/usr/bin/../lib64/gcc/x86_64-pc-linux-gnu/8.3.0/../../..] ==> [/usr/lib64]
  collapse library dir [/usr/bin/../lib] ==> [/usr/lib]
  collapse library dir [/lib] ==> [/lib]
  collapse library dir [/usr/lib] ==> [/usr/lib]
  implicit libs: [gcc;gcc_s;c;gcc;gcc_s]
  implicit dirs: [/usr/lib64/gcc/x86_64-pc-linux-gnu/8.3.0;/usr/lib64;/lib64;/usr/lib;/lib]
  implicit fwks: []




Detecting C [-std=c11] compiler features compiled with the following output:
Change Dir: /home/lumi/code/cpp/d++cord/bin/CMakeFiles/CMakeTmp

Run Build Command(s):/usr/bin/make cmTC_0a54a/fast 
/usr/bin/make -f CMakeFiles/cmTC_0a54a.dir/build.make CMakeFiles/cmTC_0a54a.dir/build
make[1]: Verzeichnis „/home/lumi/code/cpp/d++cord/bin/CMakeFiles/CMakeTmp“ wird betreten
Building C object CMakeFiles/cmTC_0a54a.dir/feature_tests.c.o
/usr/bin/clang-8   -std=c11 -o CMakeFiles/cmTC_0a54a.dir/feature_tests.c.o   -c /home/lumi/code/cpp/d++cord/bin/CMakeFiles/feature_tests.c
Linking C executable cmTC_0a54a
/usr/bin/cmake -E cmake_link_script CMakeFiles/cmTC_0a54a.dir/link.txt --verbose=1
/usr/bin/clang-8      CMakeFiles/cmTC_0a54a.dir/feature_tests.c.o  -o cmTC_0a54a 
make[1]: Verzeichnis „/home/lumi/code/cpp/d++cord/bin/CMakeFiles/CMakeTmp“ wird verlassen


    Feature record: C_FEATURE:1c_function_prototypes
    Feature record: C_FEATURE:1c_restrict
    Feature record: C_FEATURE:1c_static_assert
    Feature record: C_FEATURE:1c_variadic_macros


Detecting C [-std=c99] compiler features compiled with the following output:
Change Dir: /home/lumi/code/cpp/d++cord/bin/CMakeFiles/CMakeTmp

Run Build Command(s):/usr/bin/make cmTC_1362f/fast 
/usr/bin/make -f CMakeFiles/cmTC_1362f.dir/build.make CMakeFiles/cmTC_1362f.dir/build
make[1]: Verzeichnis „/home/lumi/code/cpp/d++cord/bin/CMakeFiles/CMakeTmp“ wird betreten
Building C object CMakeFiles/cmTC_1362f.dir/feature_tests.c.o
/usr/bin/clang-8   -std=c99 -o CMakeFiles/cmTC_1362f.dir/feature_tests.c.o   -c /home/lumi/code/cpp/d++cord/bin/CMakeFiles/feature_tests.c
Linking C executable cmTC_1362f
/usr/bin/cmake -E cmake_link_script CMakeFiles/cmTC_1362f.dir/link.txt --verbose=1
/usr/bin/clang-8      CMakeFiles/cmTC_1362f.dir/feature_tests.c.o  -o cmTC_1362f 
make[1]: Verzeichnis „/home/lumi/code/cpp/d++cord/bin/CMakeFiles/CMakeTmp“ wird verlassen


    Feature record: C_FEATURE:1c_function_prototypes
    Feature record: C_FEATURE:1c_restrict
    Feature record: C_FEATURE:0c_static_assert
    Feature record: C_FEATURE:1c_variadic_macros


Detecting C [-std=c90] compiler features compiled with the following output:
Change Dir: /home/lumi/code/cpp/d++cord/bin/CMakeFiles/CMakeTmp

Run Build Command(s):/usr/bin/make cmTC_d2a54/fast 
/usr/bin/make -f CMakeFiles/cmTC_d2a54.dir/build.make CMakeFiles/cmTC_d2a54.dir/build
make[1]: Verzeichnis „/home/lumi/code/cpp/d++cord/bin/CMakeFiles/CMakeTmp“ wird betreten
Building C object CMakeFiles/cmTC_d2a54.dir/feature_tests.c.o
/usr/bin/clang-8   -std=c90 -o CMakeFiles/cmTC_d2a54.dir/feature_tests.c.o   -c /home/lumi/code/cpp/d++cord/bin/CMakeFiles/feature_tests.c
Linking C executable cmTC_d2a54
/usr/bin/cmake -E cmake_link_script CMakeFiles/cmTC_d2a54.dir/link.txt --verbose=1
/usr/bin/clang-8      CMakeFiles/cmTC_d2a54.dir/feature_tests.c.o  -o cmTC_d2a54 
make[1]: Verzeichnis „/home/lumi/code/cpp/d++cord/bin/CMakeFiles/CMakeTmp“ wird verlassen


    Feature record: C_FEATURE:1c_function_prototypes
    Feature record: C_FEATURE:0c_restrict
    Feature record: C_FEATURE:0c_static_assert
    Feature record: C_FEATURE:0c_variadic_macros
Determining if the CXX compiler works passed with the following output:
Change Dir: /home/lumi/code/cpp/d++cord/bin/CMakeFiles/CMakeTmp

Run Build Command(s):/usr/bin/make cmTC_866c5/fast 
/usr/bin/make -f CMakeFiles/cmTC_866c5.dir/build.make CMakeFiles/cmTC_866c5.dir/build
make[1]: Verzeichnis „/home/lumi/code/cpp/d++cord/bin/CMakeFiles/CMakeTmp“ wird betreten
Building CXX object CMakeFiles/cmTC_866c5.dir/testCXXCompiler.cxx.o
/usr/bin/clang++     -o CMakeFiles/cmTC_866c5.dir/testCXXCompiler.cxx.o -c /home/lumi/code/cpp/d++cord/bin/CMakeFiles/CMakeTmp/testCXXCompiler.cxx
Linking CXX executable cmTC_866c5
/usr/bin/cmake -E cmake_link_script CMakeFiles/cmTC_866c5.dir/link.txt --verbose=1
/usr/bin/clang++       CMakeFiles/cmTC_866c5.dir/testCXXCompiler.cxx.o  -o cmTC_866c5 
make[1]: Verzeichnis „/home/lumi/code/cpp/d++cord/bin/CMakeFiles/CMakeTmp“ wird verlassen


Detecting CXX compiler ABI info compiled with the following output:
Change Dir: /home/lumi/code/cpp/d++cord/bin/CMakeFiles/CMakeTmp

Run Build Command(s):/usr/bin/make cmTC_e3881/fast 
/usr/bin/make -f CMakeFiles/cmTC_e3881.dir/build.make CMakeFiles/cmTC_e3881.dir/build
make[1]: Entering directory '/home/lumi/code/cpp/d++cord/bin/CMakeFiles/CMakeTmp'
Building CXX object CMakeFiles/cmTC_e3881.dir/CMakeCXXCompilerABI.cpp.o
/usr/bin/clang++    -v -o CMakeFiles/cmTC_e3881.dir/CMakeCXXCompilerABI.cpp.o -c /usr/share/cmake-3.14/Modules/CMakeCXXCompilerABI.cpp
clang version 8.0.0 (tags/RELEASE_800/final)
Target: x86_64-pc-linux-gnu
Thread model: posix
InstalledDir: /usr/bin
Found candidate GCC installation: /usr/bin/../lib/gcc/x86_64-pc-linux-gnu/8.3.0
Found candidate GCC installation: /usr/bin/../lib64/gcc/x86_64-pc-linux-gnu/8.3.0
Found candidate GCC installation: /usr/lib/gcc/x86_64-pc-linux-gnu/8.3.0
Found candidate GCC installation: /usr/lib64/gcc/x86_64-pc-linux-gnu/8.3.0
Selected GCC installation: /usr/bin/../lib64/gcc/x86_64-pc-linux-gnu/8.3.0
Candidate multilib: .;@m64
Candidate multilib: 32;@m32
Selected multilib: .;@m64
 "/usr/bin/clang-8" -cc1 -triple x86_64-pc-linux-gnu -emit-obj -mrelax-all -disable-free -disable-llvm-verifier -discard-value-names -main-file-name CMakeCXXCompilerABI.cpp -mrelocation-model pic -pic-level 2 -pic-is-pie -mthread-model posix -mdisable-fp-elim -fmath-errno -masm-verbose -mconstructor-aliases -munwind-tables -fuse-init-array -target-cpu x86-64 -dwarf-column-info -debugger-tuning=gdb -v -coverage-notes-file /home/lumi/code/cpp/d++cord/bin/CMakeFiles/CMakeTmp/CMakeFiles/cmTC_e3881.dir/CMakeCXXCompilerABI.cpp.gcno -resource-dir /usr/lib/clang/8.0.0 -internal-isystem /usr/bin/../lib64/gcc/x86_64-pc-linux-gnu/8.3.0/../../../../include/c++/8.3.0 -internal-isystem /usr/bin/../lib64/gcc/x86_64-pc-linux-gnu/8.3.0/../../../../include/c++/8.3.0/x86_64-pc-linux-gnu -internal-isystem /usr/bin/../lib64/gcc/x86_64-pc-linux-gnu/8.3.0/../../../../include/c++/8.3.0/backward -internal-isystem /usr/local/include -internal-isystem /usr/lib/clang/8.0.0/include -internal-externc-isystem /include -internal-externc-isystem /usr/include -fdeprecated-macro -fdebug-compilation-dir /home/lumi/code/cpp/d++cord/bin/CMakeFiles/CMakeTmp -ferror-limit 19 -fmessage-length 0 -stack-protector 2 -fobjc-runtime=gcc -fcxx-exceptions -fexceptions -fdiagnostics-show-option -o CMakeFiles/cmTC_e3881.dir/CMakeCXXCompilerABI.cpp.o -x c++ /usr/share/cmake-3.14/Modules/CMakeCXXCompilerABI.cpp -faddrsig
clang -cc1 version 8.0.0 based upon LLVM 8.0.0 default target x86_64-pc-linux-gnu
ignoring nonexistent directory "/include"
#include "..." search starts here:
#include <...> search starts here:
 /usr/bin/../lib64/gcc/x86_64-pc-linux-gnu/8.3.0/../../../../include/c++/8.3.0
 /usr/bin/../lib64/gcc/x86_64-pc-linux-gnu/8.3.0/../../../../include/c++/8.3.0/x86_64-pc-linux-gnu
 /usr/bin/../lib64/gcc/x86_64-pc-linux-gnu/8.3.0/../../../../include/c++/8.3.0/backward
 /usr/local/include
 /usr/lib/clang/8.0.0/include
 /usr/include
End of search list.
Linking CXX executable cmTC_e3881
/usr/bin/cmake -E cmake_link_script CMakeFiles/cmTC_e3881.dir/link.txt --verbose=1
/usr/bin/clang++      -v CMakeFiles/cmTC_e3881.dir/CMakeCXXCompilerABI.cpp.o  -o cmTC_e3881 
clang version 8.0.0 (tags/RELEASE_800/final)
Target: x86_64-pc-linux-gnu
Thread model: posix
InstalledDir: /usr/bin
Found candidate GCC installation: /usr/bin/../lib/gcc/x86_64-pc-linux-gnu/8.3.0
Found candidate GCC installation: /usr/bin/../lib64/gcc/x86_64-pc-linux-gnu/8.3.0
Found candidate GCC installation: /usr/lib/gcc/x86_64-pc-linux-gnu/8.3.0
Found candidate GCC installation: /usr/lib64/gcc/x86_64-pc-linux-gnu/8.3.0
Selected GCC installation: /usr/bin/../lib64/gcc/x86_64-pc-linux-gnu/8.3.0
Candidate multilib: .;@m64
Candidate multilib: 32;@m32
Selected multilib: .;@m64
 "/usr/bin/ld" -pie --eh-frame-hdr -m elf_x86_64 -dynamic-linker /lib64/ld-linux-x86-64.so.2 -o cmTC_e3881 /usr/bin/../lib64/gcc/x86_64-pc-linux-gnu/8.3.0/../../../../lib64/Scrt1.o /usr/bin/../lib64/gcc/x86_64-pc-linux-gnu/8.3.0/../../../../lib64/crti.o /usr/bin/../lib64/gcc/x86_64-pc-linux-gnu/8.3.0/crtbeginS.o -L/usr/bin/../lib64/gcc/x86_64-pc-linux-gnu/8.3.0 -L/usr/bin/../lib64/gcc/x86_64-pc-linux-gnu/8.3.0/../../../../lib64 -L/usr/bin/../lib64 -L/lib/../lib64 -L/usr/lib/../lib64 -L/usr/bin/../lib64/gcc/x86_64-pc-linux-gnu/8.3.0/../../.. -L/usr/bin/../lib -L/lib -L/usr/lib CMakeFiles/cmTC_e3881.dir/CMakeCXXCompilerABI.cpp.o -lstdc++ -lm -lgcc_s -lgcc -lc -lgcc_s -lgcc /usr/bin/../lib64/gcc/x86_64-pc-linux-gnu/8.3.0/crtendS.o /usr/bin/../lib64/gcc/x86_64-pc-linux-gnu/8.3.0/../../../../lib64/crtn.o
make[1]: Leaving directory '/home/lumi/code/cpp/d++cord/bin/CMakeFiles/CMakeTmp'


Parsed CXX implicit include dir info from above output: rv=done
  found start of include info
  found start of implicit include info
    add: [/usr/bin/../lib64/gcc/x86_64-pc-linux-gnu/8.3.0/../../../../include/c++/8.3.0]
    add: [/usr/bin/../lib64/gcc/x86_64-pc-linux-gnu/8.3.0/../../../../include/c++/8.3.0/x86_64-pc-linux-gnu]
    add: [/usr/bin/../lib64/gcc/x86_64-pc-linux-gnu/8.3.0/../../../../include/c++/8.3.0/backward]
    add: [/usr/local/include]
    add: [/usr/lib/clang/8.0.0/include]
    add: [/usr/include]
  end of search list found
  collapse include dir [/usr/bin/../lib64/gcc/x86_64-pc-linux-gnu/8.3.0/../../../../include/c++/8.3.0] ==> [/usr/include/c++/8.3.0]
  collapse include dir [/usr/bin/../lib64/gcc/x86_64-pc-linux-gnu/8.3.0/../../../../include/c++/8.3.0/x86_64-pc-linux-gnu] ==> [/usr/include/c++/8.3.0/x86_64-pc-linux-gnu]
  collapse include dir [/usr/bin/../lib64/gcc/x86_64-pc-linux-gnu/8.3.0/../../../../include/c++/8.3.0/backward] ==> [/usr/include/c++/8.3.0/backward]
  collapse include dir [/usr/local/include] ==> [/usr/local/include]
  collapse include dir [/usr/lib/clang/8.0.0/include] ==> [/usr/lib/clang/8.0.0/include]
  collapse include dir [/usr/include] ==> [/usr/include]
  implicit include dirs: [/usr/include/c++/8.3.0;/usr/include/c++/8.3.0/x86_64-pc-linux-gnu;/usr/include/c++/8.3.0/backward;/usr/local/include;/usr/lib/clang/8.0.0/include;/usr/include]


Parsed CXX implicit link information from above output:
  link line regex: [^( *|.*[/\])(ld|CMAKE_LINK_STARTFILE-NOTFOUND|([^/\]+-)?ld|collect2)[^/\]*( |$)]
  ignore line: [Change Dir: /home/lumi/code/cpp/d++cord/bin/CMakeFiles/CMakeTmp]
  ignore line: []
  ignore line: [Run Build Command(s):/usr/bin/make cmTC_e3881/fast ]
  ignore line: [/usr/bin/make -f CMakeFiles/cmTC_e3881.dir/build.make CMakeFiles/cmTC_e3881.dir/build]
  ignore line: [make[1]: Entering directory '/home/lumi/code/cpp/d++cord/bin/CMakeFiles/CMakeTmp']
  ignore line: [Building CXX object CMakeFiles/cmTC_e3881.dir/CMakeCXXCompilerABI.cpp.o]
  ignore line: [/usr/bin/clang++    -v -o CMakeFiles/cmTC_e3881.dir/CMakeCXXCompilerABI.cpp.o -c /usr/share/cmake-3.14/Modules/CMakeCXXCompilerABI.cpp]
  ignore line: [clang version 8.0.0 (tags/RELEASE_800/final)]
  ignore line: [Target: x86_64-pc-linux-gnu]
  ignore line: [Thread model: posix]
  ignore line: [InstalledDir: /usr/bin]
  ignore line: [Found candidate GCC installation: /usr/bin/../lib/gcc/x86_64-pc-linux-gnu/8.3.0]
  ignore line: [Found candidate GCC installation: /usr/bin/../lib64/gcc/x86_64-pc-linux-gnu/8.3.0]
  ignore line: [Found candidate GCC installation: /usr/lib/gcc/x86_64-pc-linux-gnu/8.3.0]
  ignore line: [Found candidate GCC installation: /usr/lib64/gcc/x86_64-pc-linux-gnu/8.3.0]
  ignore line: [Selected GCC installation: /usr/bin/../lib64/gcc/x86_64-pc-linux-gnu/8.3.0]
  ignore line: [Candidate multilib: .]
  ignore line: [@m64]
  ignore line: [Candidate multilib: 32]
  ignore line: [@m32]
  ignore line: [Selected multilib: .]
  ignore line: [@m64]
  ignore line: [ "/usr/bin/clang-8" -cc1 -triple x86_64-pc-linux-gnu -emit-obj -mrelax-all -disable-free -disable-llvm-verifier -discard-value-names -main-file-name CMakeCXXCompilerABI.cpp -mrelocation-model pic -pic-level 2 -pic-is-pie -mthread-model posix -mdisable-fp-elim -fmath-errno -masm-verbose -mconstructor-aliases -munwind-tables -fuse-init-array -target-cpu x86-64 -dwarf-column-info -debugger-tuning=gdb -v -coverage-notes-file /home/lumi/code/cpp/d++cord/bin/CMakeFiles/CMakeTmp/CMakeFiles/cmTC_e3881.dir/CMakeCXXCompilerABI.cpp.gcno -resource-dir /usr/lib/clang/8.0.0 -internal-isystem /usr/bin/../lib64/gcc/x86_64-pc-linux-gnu/8.3.0/../../../../include/c++/8.3.0 -internal-isystem /usr/bin/../lib64/gcc/x86_64-pc-linux-gnu/8.3.0/../../../../include/c++/8.3.0/x86_64-pc-linux-gnu -internal-isystem /usr/bin/../lib64/gcc/x86_64-pc-linux-gnu/8.3.0/../../../../include/c++/8.3.0/backward -internal-isystem /usr/local/include -internal-isystem /usr/lib/clang/8.0.0/include -internal-externc-isystem /include -internal-externc-isystem /usr/include -fdeprecated-macro -fdebug-compilation-dir /home/lumi/code/cpp/d++cord/bin/CMakeFiles/CMakeTmp -ferror-limit 19 -fmessage-length 0 -stack-protector 2 -fobjc-runtime=gcc -fcxx-exceptions -fexceptions -fdiagnostics-show-option -o CMakeFiles/cmTC_e3881.dir/CMakeCXXCompilerABI.cpp.o -x c++ /usr/share/cmake-3.14/Modules/CMakeCXXCompilerABI.cpp -faddrsig]
  ignore line: [clang -cc1 version 8.0.0 based upon LLVM 8.0.0 default target x86_64-pc-linux-gnu]
  ignore line: [ignoring nonexistent directory "/include"]
  ignore line: [#include "..." search starts here:]
  ignore line: [#include <...> search starts here:]
  ignore line: [ /usr/bin/../lib64/gcc/x86_64-pc-linux-gnu/8.3.0/../../../../include/c++/8.3.0]
  ignore line: [ /usr/bin/../lib64/gcc/x86_64-pc-linux-gnu/8.3.0/../../../../include/c++/8.3.0/x86_64-pc-linux-gnu]
  ignore line: [ /usr/bin/../lib64/gcc/x86_64-pc-linux-gnu/8.3.0/../../../../include/c++/8.3.0/backward]
  ignore line: [ /usr/local/include]
  ignore line: [ /usr/lib/clang/8.0.0/include]
  ignore line: [ /usr/include]
  ignore line: [End of search list.]
  ignore line: [Linking CXX executable cmTC_e3881]
  ignore line: [/usr/bin/cmake -E cmake_link_script CMakeFiles/cmTC_e3881.dir/link.txt --verbose=1]
  ignore line: [/usr/bin/clang++      -v CMakeFiles/cmTC_e3881.dir/CMakeCXXCompilerABI.cpp.o  -o cmTC_e3881 ]
  ignore line: [clang version 8.0.0 (tags/RELEASE_800/final)]
  ignore line: [Target: x86_64-pc-linux-gnu]
  ignore line: [Thread model: posix]
  ignore line: [InstalledDir: /usr/bin]
  ignore line: [Found candidate GCC installation: /usr/bin/../lib/gcc/x86_64-pc-linux-gnu/8.3.0]
  ignore line: [Found candidate GCC installation: /usr/bin/../lib64/gcc/x86_64-pc-linux-gnu/8.3.0]
  ignore line: [Found candidate GCC installation: /usr/lib/gcc/x86_64-pc-linux-gnu/8.3.0]
  ignore line: [Found candidate GCC installation: /usr/lib64/gcc/x86_64-pc-linux-gnu/8.3.0]
  ignore line: [Selected GCC installation: /usr/bin/../lib64/gcc/x86_64-pc-linux-gnu/8.3.0]
  ignore line: [Candidate multilib: .]
  ignore line: [@m64]
  ignore line: [Candidate multilib: 32]
  ignore line: [@m32]
  ignore line: [Selected multilib: .]
  ignore line: [@m64]
  link line: [ "/usr/bin/ld" -pie --eh-frame-hdr -m elf_x86_64 -dynamic-linker /lib64/ld-linux-x86-64.so.2 -o cmTC_e3881 /usr/bin/../lib64/gcc/x86_64-pc-linux-gnu/8.3.0/../../../../lib64/Scrt1.o /usr/bin/../lib64/gcc/x86_64-pc-linux-gnu/8.3.0/../../../../lib64/crti.o /usr/bin/../lib64/gcc/x86_64-pc-linux-gnu/8.3.0/crtbeginS.o -L/usr/bin/../lib64/gcc/x86_64-pc-linux-gnu/8.3.0 -L/usr/bin/../lib64/gcc/x86_64-pc-linux-gnu/8.3.0/../../../../lib64 -L/usr/bin/../lib64 -L/lib/../lib64 -L/usr/lib/../lib64 -L/usr/bin/../lib64/gcc/x86_64-pc-linux-gnu/8.3.0/../../.. -L/usr/bin/../lib -L/lib -L/usr/lib CMakeFiles/cmTC_e3881.dir/CMakeCXXCompilerABI.cpp.o -lstdc++ -lm -lgcc_s -lgcc -lc -lgcc_s -lgcc /usr/bin/../lib64/gcc/x86_64-pc-linux-gnu/8.3.0/crtendS.o /usr/bin/../lib64/gcc/x86_64-pc-linux-gnu/8.3.0/../../../../lib64/crtn.o]
    arg [/usr/bin/ld] ==> ignore
    arg [-pie] ==> ignore
    arg [--eh-frame-hdr] ==> ignore
    arg [-m] ==> ignore
    arg [elf_x86_64] ==> ignore
    arg [-dynamic-linker] ==> ignore
    arg [/lib64/ld-linux-x86-64.so.2] ==> ignore
    arg [-o] ==> ignore
    arg [cmTC_e3881] ==> ignore
    arg [/usr/bin/../lib64/gcc/x86_64-pc-linux-gnu/8.3.0/../../../../lib64/Scrt1.o] ==> ignore
    arg [/usr/bin/../lib64/gcc/x86_64-pc-linux-gnu/8.3.0/../../../../lib64/crti.o] ==> ignore
    arg [/usr/bin/../lib64/gcc/x86_64-pc-linux-gnu/8.3.0/crtbeginS.o] ==> ignore
    arg [-L/usr/bin/../lib64/gcc/x86_64-pc-linux-gnu/8.3.0] ==> dir [/usr/bin/../lib64/gcc/x86_64-pc-linux-gnu/8.3.0]
    arg [-L/usr/bin/../lib64/gcc/x86_64-pc-linux-gnu/8.3.0/../../../../lib64] ==> dir [/usr/bin/../lib64/gcc/x86_64-pc-linux-gnu/8.3.0/../../../../lib64]
    arg [-L/usr/bin/../lib64] ==> dir [/usr/bin/../lib64]
    arg [-L/lib/../lib64] ==> dir [/lib/../lib64]
    arg [-L/usr/lib/../lib64] ==> dir [/usr/lib/../lib64]
    arg [-L/usr/bin/../lib64/gcc/x86_64-pc-linux-gnu/8.3.0/../../..] ==> dir [/usr/bin/../lib64/gcc/x86_64-pc-linux-gnu/8.3.0/../../..]
    arg [-L/usr/bin/../lib] ==> dir [/usr/bin/../lib]
    arg [-L/lib] ==> dir [/lib]
    arg [-L/usr/lib] ==> dir [/usr/lib]
    arg [CMakeFiles/cmTC_e3881.dir/CMakeCXXCompilerABI.cpp.o] ==> ignore
    arg [-lstdc++] ==> lib [stdc++]
    arg [-lm] ==> lib [m]
    arg [-lgcc_s] ==> lib [gcc_s]
    arg [-lgcc] ==> lib [gcc]
    arg [-lc] ==> lib [c]
    arg [-lgcc_s] ==> lib [gcc_s]
    arg [-lgcc] ==> lib [gcc]
    arg [/usr/bin/../lib64/gcc/x86_64-pc-linux-gnu/8.3.0/crtendS.o] ==> ignore
    arg [/usr/bin/../lib64/gcc/x86_64-pc-linux-gnu/8.3.0/../../../../lib64/crtn.o] ==> ignore
  collapse library dir [/usr/bin/../lib64/gcc/x86_64-pc-linux-gnu/8.3.0] ==> [/usr/lib64/gcc/x86_64-pc-linux-gnu/8.3.0]
  collapse library dir [/usr/bin/../lib64/gcc/x86_64-pc-linux-gnu/8.3.0/../../../../lib64] ==> [/usr/lib64]
  collapse library dir [/usr/bin/../lib64] ==> [/usr/lib64]
  collapse library dir [/lib/../lib64] ==> [/lib64]
  collapse library dir [/usr/lib/../lib64] ==> [/usr/lib64]
  collapse library dir [/usr/bin/../lib64/gcc/x86_64-pc-linux-gnu/8.3.0/../../..] ==> [/usr/lib64]
  collapse library dir [/usr/bin/../lib] ==> [/usr/lib]
  collapse library dir [/lib] ==> [/lib]
  collapse library dir [/usr/lib] ==> [/usr/lib]
  implicit libs: [stdc++;m;gcc_s;gcc;c;gcc_s;gcc]
  implicit dirs: [/usr/lib64/gcc/x86_64-pc-linux-gnu/8.3.0;/usr/lib64;/lib64;/usr/lib;/lib]
  implicit fwks: []




Detecting CXX [-std=c++2a] compiler features compiled with the following output:
Change Dir: /home/lumi/code/cpp/d++cord/bin/CMakeFiles/CMakeTmp

Run Build Command(s):/usr/bin/make cmTC_c4f53/fast 
/usr/bin/make -f CMakeFiles/cmTC_c4f53.dir/build.make CMakeFiles/cmTC_c4f53.dir/build
make[1]: Verzeichnis „/home/lumi/code/cpp/d++cord/bin/CMakeFiles/CMakeTmp“ wird betreten
Building CXX object CMakeFiles/cmTC_c4f53.dir/feature_tests.cxx.o
/usr/bin/clang++    -std=c++2a -o CMakeFiles/cmTC_c4f53.dir/feature_tests.cxx.o -c /home/lumi/code/cpp/d++cord/bin/CMakeFiles/feature_tests.cxx
Linking CXX executable cmTC_c4f53
/usr/bin/cmake -E cmake_link_script CMakeFiles/cmTC_c4f53.dir/link.txt --verbose=1
/usr/bin/clang++       CMakeFiles/cmTC_c4f53.dir/feature_tests.cxx.o  -o cmTC_c4f53 
make[1]: Verzeichnis „/home/lumi/code/cpp/d++cord/bin/CMakeFiles/CMakeTmp“ wird verlassen


    Feature record: CXX_FEATURE:1cxx_aggregate_default_initializers
    Feature record: CXX_FEATURE:1cxx_alias_templates
    Feature record: CXX_FEATURE:1cxx_alignas
    Feature record: CXX_FEATURE:1cxx_alignof
    Feature record: CXX_FEATURE:1cxx_attributes
    Feature record: CXX_FEATURE:1cxx_attribute_deprecated
    Feature record: CXX_FEATURE:1cxx_auto_type
    Feature record: CXX_FEATURE:1cxx_binary_literals
    Feature record: CXX_FEATURE:1cxx_constexpr
    Feature record: CXX_FEATURE:1cxx_contextual_conversions
    Feature record: CXX_FEATURE:1cxx_decltype
    Feature record: CXX_FEATURE:1cxx_decltype_auto
    Feature record: CXX_FEATURE:1cxx_decltype_incomplete_return_types
    Feature record: CXX_FEATURE:1cxx_default_function_template_args
    Feature record: CXX_FEATURE:1cxx_defaulted_functions
    Feature record: CXX_FEATURE:1cxx_defaulted_move_initializers
    Feature record: CXX_FEATURE:1cxx_delegating_constructors
    Feature record: CXX_FEATURE:1cxx_deleted_functions
    Feature record: CXX_FEATURE:1cxx_digit_separators
    Feature record: CXX_FEATURE:1cxx_enum_forward_declarations
    Feature record: CXX_FEATURE:1cxx_explicit_conversions
    Feature record: CXX_FEATURE:1cxx_extended_friend_declarations
    Feature record: CXX_FEATURE:1cxx_extern_templates
    Feature record: CXX_FEATURE:1cxx_final
    Feature record: CXX_FEATURE:1cxx_func_identifier
    Feature record: CXX_FEATURE:1cxx_generalized_initializers
    Feature record: CXX_FEATURE:1cxx_generic_lambdas
    Feature record: CXX_FEATURE:1cxx_inheriting_constructors
    Feature record: CXX_FEATURE:1cxx_inline_namespaces
    Feature record: CXX_FEATURE:1cxx_lambdas
    Feature record: CXX_FEATURE:1cxx_lambda_init_captures
    Feature record: CXX_FEATURE:1cxx_local_type_template_args
    Feature record: CXX_FEATURE:1cxx_long_long_type
    Feature record: CXX_FEATURE:1cxx_noexcept
    Feature record: CXX_FEATURE:1cxx_nonstatic_member_init
    Feature record: CXX_FEATURE:1cxx_nullptr
    Feature record: CXX_FEATURE:1cxx_override
    Feature record: CXX_FEATURE:1cxx_range_for
    Feature record: CXX_FEATURE:1cxx_raw_string_literals
    Feature record: CXX_FEATURE:1cxx_reference_qualified_functions
    Feature record: CXX_FEATURE:1cxx_relaxed_constexpr
    Feature record: CXX_FEATURE:1cxx_return_type_deduction
    Feature record: CXX_FEATURE:1cxx_right_angle_brackets
    Feature record: CXX_FEATURE:1cxx_rvalue_references
    Feature record: CXX_FEATURE:1cxx_sizeof_member
    Feature record: CXX_FEATURE:1cxx_static_assert
    Feature record: CXX_FEATURE:1cxx_strong_enums
    Feature record: CXX_FEATURE:1cxx_template_template_parameters
    Feature record: CXX_FEATURE:1cxx_thread_local
    Feature record: CXX_FEATURE:1cxx_trailing_return_types
    Feature record: CXX_FEATURE:1cxx_unicode_literals
    Feature record: CXX_FEATURE:1cxx_uniform_initialization
    Feature record: CXX_FEATURE:1cxx_unrestricted_unions
    Feature record: CXX_FEATURE:1cxx_user_literals
    Feature record: CXX_FEATURE:1cxx_variable_templates
    Feature record: CXX_FEATURE:1cxx_variadic_macros
    Feature record: CXX_FEATURE:1cxx_variadic_templates


Detecting CXX [-std=c++17] compiler features compiled with the following output:
Change Dir: /home/lumi/code/cpp/d++cord/bin/CMakeFiles/CMakeTmp

Run Build Command(s):/usr/bin/make cmTC_0e44d/fast 
/usr/bin/make -f CMakeFiles/cmTC_0e44d.dir/build.make CMakeFiles/cmTC_0e44d.dir/build
make[1]: Verzeichnis „/home/lumi/code/cpp/d++cord/bin/CMakeFiles/CMakeTmp“ wird betreten
Building CXX object CMakeFiles/cmTC_0e44d.dir/feature_tests.cxx.o
/usr/bin/clang++    -std=c++17 -o CMakeFiles/cmTC_0e44d.dir/feature_tests.cxx.o -c /home/lumi/code/cpp/d++cord/bin/CMakeFiles/feature_tests.cxx
Linking CXX executable cmTC_0e44d
/usr/bin/cmake -E cmake_link_script CMakeFiles/cmTC_0e44d.dir/link.txt --verbose=1
/usr/bin/clang++       CMakeFiles/cmTC_0e44d.dir/feature_tests.cxx.o  -o cmTC_0e44d 
make[1]: Verzeichnis „/home/lumi/code/cpp/d++cord/bin/CMakeFiles/CMakeTmp“ wird verlassen


    Feature record: CXX_FEATURE:1cxx_aggregate_default_initializers
    Feature record: CXX_FEATURE:1cxx_alias_templates
    Feature record: CXX_FEATURE:1cxx_alignas
    Feature record: CXX_FEATURE:1cxx_alignof
    Feature record: CXX_FEATURE:1cxx_attributes
    Feature record: CXX_FEATURE:1cxx_attribute_deprecated
    Feature record: CXX_FEATURE:1cxx_auto_type
    Feature record: CXX_FEATURE:1cxx_binary_literals
    Feature record: CXX_FEATURE:1cxx_constexpr
    Feature record: CXX_FEATURE:1cxx_contextual_conversions
    Feature record: CXX_FEATURE:1cxx_decltype
    Feature record: CXX_FEATURE:1cxx_decltype_auto
    Feature record: CXX_FEATURE:1cxx_decltype_incomplete_return_types
    Feature record: CXX_FEATURE:1cxx_default_function_template_args
    Feature record: CXX_FEATURE:1cxx_defaulted_functions
    Feature record: CXX_FEATURE:1cxx_defaulted_move_initializers
    Feature record: CXX_FEATURE:1cxx_delegating_constructors
    Feature record: CXX_FEATURE:1cxx_deleted_functions
    Feature record: CXX_FEATURE:1cxx_digit_separators
    Feature record: CXX_FEATURE:1cxx_enum_forward_declarations
    Feature record: CXX_FEATURE:1cxx_explicit_conversions
    Feature record: CXX_FEATURE:1cxx_extended_friend_declarations
    Feature record: CXX_FEATURE:1cxx_extern_templates
    Feature record: CXX_FEATURE:1cxx_final
    Feature record: CXX_FEATURE:1cxx_func_identifier
    Feature record: CXX_FEATURE:1cxx_generalized_initializers
    Feature record: CXX_FEATURE:1cxx_generic_lambdas
    Feature record: CXX_FEATURE:1cxx_inheriting_constructors
    Feature record: CXX_FEATURE:1cxx_inline_namespaces
    Feature record: CXX_FEATURE:1cxx_lambdas
    Feature record: CXX_FEATURE:1cxx_lambda_init_captures
    Feature record: CXX_FEATURE:1cxx_local_type_template_args
    Feature record: CXX_FEATURE:1cxx_long_long_type
    Feature record: CXX_FEATURE:1cxx_noexcept
    Feature record: CXX_FEATURE:1cxx_nonstatic_member_init
    Feature record: CXX_FEATURE:1cxx_nullptr
    Feature record: CXX_FEATURE:1cxx_override
    Feature record: CXX_FEATURE:1cxx_range_for
    Feature record: CXX_FEATURE:1cxx_raw_string_literals
    Feature record: CXX_FEATURE:1cxx_reference_qualified_functions
    Feature record: CXX_FEATURE:1cxx_relaxed_constexpr
    Feature record: CXX_FEATURE:1cxx_return_type_deduction
    Feature record: CXX_FEATURE:1cxx_right_angle_brackets
    Feature record: CXX_FEATURE:1cxx_rvalue_references
    Feature record: CXX_FEATURE:1cxx_sizeof_member
    Feature record: CXX_FEATURE:1cxx_static_assert
    Feature record: CXX_FEATURE:1cxx_strong_enums
    Feature record: CXX_FEATURE:1cxx_template_template_parameters
    Feature record: CXX_FEATURE:1cxx_thread_local
    Feature record: CXX_FEATURE:1cxx_trailing_return_types
    Feature record: CXX_FEATURE:1cxx_unicode_literals
    Feature record: CXX_FEATURE:1cxx_uniform_initialization
    Feature record: CXX_FEATURE:1cxx_unrestricted_unions
    Feature record: CXX_FEATURE:1cxx_user_literals
    Feature record: CXX_FEATURE:1cxx_variable_templates
    Feature record: CXX_FEATURE:1cxx_variadic_macros
    Feature record: CXX_FEATURE:1cxx_variadic_templates


Detecting CXX [-std=c++14] compiler features compiled with the following output:
Change Dir: /home/lumi/code/cpp/d++cord/bin/CMakeFiles/CMakeTmp

Run Build Command(s):/usr/bin/make cmTC_106d4/fast 
/usr/bin/make -f CMakeFiles/cmTC_106d4.dir/build.make CMakeFiles/cmTC_106d4.dir/build
make[1]: Verzeichnis „/home/lumi/code/cpp/d++cord/bin/CMakeFiles/CMakeTmp“ wird betreten
Building CXX object CMakeFiles/cmTC_106d4.dir/feature_tests.cxx.o
/usr/bin/clang++    -std=c++14 -o CMakeFiles/cmTC_106d4.dir/feature_tests.cxx.o -c /home/lumi/code/cpp/d++cord/bin/CMakeFiles/feature_tests.cxx
Linking CXX executable cmTC_106d4
/usr/bin/cmake -E cmake_link_script CMakeFiles/cmTC_106d4.dir/link.txt --verbose=1
/usr/bin/clang++       CMakeFiles/cmTC_106d4.dir/feature_tests.cxx.o  -o cmTC_106d4 
make[1]: Verzeichnis „/home/lumi/code/cpp/d++cord/bin/CMakeFiles/CMakeTmp“ wird verlassen


    Feature record: CXX_FEATURE:1cxx_aggregate_default_initializers
    Feature record: CXX_FEATURE:1cxx_alias_templates
    Feature record: CXX_FEATURE:1cxx_alignas
    Feature record: CXX_FEATURE:1cxx_alignof
    Feature record: CXX_FEATURE:1cxx_attributes
    Feature record: CXX_FEATURE:1cxx_attribute_deprecated
    Feature record: CXX_FEATURE:1cxx_auto_type
    Feature record: CXX_FEATURE:1cxx_binary_literals
    Feature record: CXX_FEATURE:1cxx_constexpr
    Feature record: CXX_FEATURE:1cxx_contextual_conversions
    Feature record: CXX_FEATURE:1cxx_decltype
    Feature record: CXX_FEATURE:1cxx_decltype_auto
    Feature record: CXX_FEATURE:1cxx_decltype_incomplete_return_types
    Feature record: CXX_FEATURE:1cxx_default_function_template_args
    Feature record: CXX_FEATURE:1cxx_defaulted_functions
    Feature record: CXX_FEATURE:1cxx_defaulted_move_initializers
    Feature record: CXX_FEATURE:1cxx_delegating_constructors
    Feature record: CXX_FEATURE:1cxx_deleted_functions
    Feature record: CXX_FEATURE:1cxx_digit_separators
    Feature record: CXX_FEATURE:1cxx_enum_forward_declarations
    Feature record: CXX_FEATURE:1cxx_explicit_conversions
    Feature record: CXX_FEATURE:1cxx_extended_friend_declarations
    Feature record: CXX_FEATURE:1cxx_extern_templates
    Feature record: CXX_FEATURE:1cxx_final
    Feature record: CXX_FEATURE:1cxx_func_identifier
    Feature record: CXX_FEATURE:1cxx_generalized_initializers
    Feature record: CXX_FEATURE:1cxx_generic_lambdas
    Feature record: CXX_FEATURE:1cxx_inheriting_constructors
    Feature record: CXX_FEATURE:1cxx_inline_namespaces
    Feature record: CXX_FEATURE:1cxx_lambdas
    Feature record: CXX_FEATURE:1cxx_lambda_init_captures
    Feature record: CXX_FEATURE:1cxx_local_type_template_args
    Feature record: CXX_FEATURE:1cxx_long_long_type
    Feature record: CXX_FEATURE:1cxx_noexcept
    Feature record: CXX_FEATURE:1cxx_nonstatic_member_init
    Feature record: CXX_FEATURE:1cxx_nullptr
    Feature record: CXX_FEATURE:1cxx_override
    Feature record: CXX_FEATURE:1cxx_range_for
    Feature record: CXX_FEATURE:1cxx_raw_string_literals
    Feature record: CXX_FEATURE:1cxx_reference_qualified_functions
    Feature record: CXX_FEATURE:1cxx_relaxed_constexpr
    Feature record: CXX_FEATURE:1cxx_return_type_deduction
    Feature record: CXX_FEATURE:1cxx_right_angle_brackets
    Feature record: CXX_FEATURE:1cxx_rvalue_references
    Feature record: CXX_FEATURE:1cxx_sizeof_member
    Feature record: CXX_FEATURE:1cxx_static_assert
    Feature record: CXX_FEATURE:1cxx_strong_enums
    Feature record: CXX_FEATURE:1cxx_template_template_parameters
    Feature record: CXX_FEATURE:1cxx_thread_local
    Feature record: CXX_FEATURE:1cxx_trailing_return_types
    Feature record: CXX_FEATURE:1cxx_unicode_literals
    Feature record: CXX_FEATURE:1cxx_uniform_initialization
    Feature record: CXX_FEATURE:1cxx_unrestricted_unions
    Feature record: CXX_FEATURE:1cxx_user_literals
    Feature record: CXX_FEATURE:1cxx_variable_templates
    Feature record: CXX_FEATURE:1cxx_variadic_macros
    Feature record: CXX_FEATURE:1cxx_variadic_templates


Detecting CXX [-std=c++11] compiler features compiled with the following output:
Change Dir: /home/lumi/code/cpp/d++cord/bin/CMakeFiles/CMakeTmp

Run Build Command(s):/usr/bin/make cmTC_317ee/fast 
/usr/bin/make -f CMakeFiles/cmTC_317ee.dir/build.make CMakeFiles/cmTC_317ee.dir/build
make[1]: Verzeichnis „/home/lumi/code/cpp/d++cord/bin/CMakeFiles/CMakeTmp“ wird betreten
Building CXX object CMakeFiles/cmTC_317ee.dir/feature_tests.cxx.o
/usr/bin/clang++    -std=c++11 -o CMakeFiles/cmTC_317ee.dir/feature_tests.cxx.o -c /home/lumi/code/cpp/d++cord/bin/CMakeFiles/feature_tests.cxx
Linking CXX executable cmTC_317ee
/usr/bin/cmake -E cmake_link_script CMakeFiles/cmTC_317ee.dir/link.txt --verbose=1
/usr/bin/clang++       CMakeFiles/cmTC_317ee.dir/feature_tests.cxx.o  -o cmTC_317ee 
make[1]: Verzeichnis „/home/lumi/code/cpp/d++cord/bin/CMakeFiles/CMakeTmp“ wird verlassen


    Feature record: CXX_FEATURE:0cxx_aggregate_default_initializers
    Feature record: CXX_FEATURE:1cxx_alias_templates
    Feature record: CXX_FEATURE:1cxx_alignas
    Feature record: CXX_FEATURE:1cxx_alignof
    Feature record: CXX_FEATURE:1cxx_attributes
    Feature record: CXX_FEATURE:0cxx_attribute_deprecated
    Feature record: CXX_FEATURE:1cxx_auto_type
    Feature record: CXX_FEATURE:0cxx_binary_literals
    Feature record: CXX_FEATURE:1cxx_constexpr
    Feature record: CXX_FEATURE:0cxx_contextual_conversions
    Feature record: CXX_FEATURE:1cxx_decltype
    Feature record: CXX_FEATURE:0cxx_decltype_auto
    Feature record: CXX_FEATURE:1cxx_decltype_incomplete_return_types
    Feature record: CXX_FEATURE:1cxx_default_function_template_args
    Feature record: CXX_FEATURE:1cxx_defaulted_functions
    Feature record: CXX_FEATURE:1cxx_defaulted_move_initializers
    Feature record: CXX_FEATURE:1cxx_delegating_constructors
    Feature record: CXX_FEATURE:1cxx_deleted_functions
    Feature record: CXX_FEATURE:0cxx_digit_separators
    Feature record: CXX_FEATURE:1cxx_enum_forward_declarations
    Feature record: CXX_FEATURE:1cxx_explicit_conversions
    Feature record: CXX_FEATURE:1cxx_extended_friend_declarations
    Feature record: CXX_FEATURE:1cxx_extern_templates
    Feature record: CXX_FEATURE:1cxx_final
    Feature record: CXX_FEATURE:1cxx_func_identifier
    Feature record: CXX_FEATURE:1cxx_generalized_initializers
    Feature record: CXX_FEATURE:0cxx_generic_lambdas
    Feature record: CXX_FEATURE:1cxx_inheriting_constructors
    Feature record: CXX_FEATURE:1cxx_inline_namespaces
    Feature record: CXX_FEATURE:1cxx_lambdas
    Feature record: CXX_FEATURE:0cxx_lambda_init_captures
    Feature record: CXX_FEATURE:1cxx_local_type_template_args
    Feature record: CXX_FEATURE:1cxx_long_long_type
    Feature record: CXX_FEATURE:1cxx_noexcept
    Feature record: CXX_FEATURE:1cxx_nonstatic_member_init
    Feature record: CXX_FEATURE:1cxx_nullptr
    Feature record: CXX_FEATURE:1cxx_override
    Feature record: CXX_FEATURE:1cxx_range_for
    Feature record: CXX_FEATURE:1cxx_raw_string_literals
    Feature record: CXX_FEATURE:1cxx_reference_qualified_functions
    Feature record: CXX_FEATURE:0cxx_relaxed_constexpr
    Feature record: CXX_FEATURE:0cxx_return_type_deduction
    Feature record: CXX_FEATURE:1cxx_right_angle_brackets
    Feature record: CXX_FEATURE:1cxx_rvalue_references
    Feature record: CXX_FEATURE:1cxx_sizeof_member
    Feature record: CXX_FEATURE:1cxx_static_assert
    Feature record: CXX_FEATURE:1cxx_strong_enums
    Feature record: CXX_FEATURE:1cxx_template_template_parameters
    Feature record: CXX_FEATURE:1cxx_thread_local
    Feature record: CXX_FEATURE:1cxx_trailing_return_types
    Feature record: CXX_FEATURE:1cxx_unicode_literals
    Feature record: CXX_FEATURE:1cxx_uniform_initialization
    Feature record: CXX_FEATURE:1cxx_unrestricted_unions
    Feature record: CXX_FEATURE:1cxx_user_literals
    Feature record: CXX_FEATURE:0cxx_variable_templates
    Feature record: CXX_FEATURE:1cxx_variadic_macros
    Feature record: CXX_FEATURE:1cxx_variadic_templates


Detecting CXX [-std=c++98] compiler features compiled with the following output:
Change Dir: /home/lumi/code/cpp/d++cord/bin/CMakeFiles/CMakeTmp

Run Build Command(s):/usr/bin/make cmTC_b815b/fast 
/usr/bin/make -f CMakeFiles/cmTC_b815b.dir/build.make CMakeFiles/cmTC_b815b.dir/build
make[1]: Verzeichnis „/home/lumi/code/cpp/d++cord/bin/CMakeFiles/CMakeTmp“ wird betreten
Building CXX object CMakeFiles/cmTC_b815b.dir/feature_tests.cxx.o
/usr/bin/clang++    -std=c++98 -o CMakeFiles/cmTC_b815b.dir/feature_tests.cxx.o -c /home/lumi/code/cpp/d++cord/bin/CMakeFiles/feature_tests.cxx
Linking CXX executable cmTC_b815b
/usr/bin/cmake -E cmake_link_script CMakeFiles/cmTC_b815b.dir/link.txt --verbose=1
/usr/bin/clang++       CMakeFiles/cmTC_b815b.dir/feature_tests.cxx.o  -o cmTC_b815b 
make[1]: Verzeichnis „/home/lumi/code/cpp/d++cord/bin/CMakeFiles/CMakeTmp“ wird verlassen


    Feature record: CXX_FEATURE:0cxx_aggregate_default_initializers
    Feature record: CXX_FEATURE:0cxx_alias_templates
    Feature record: CXX_FEATURE:0cxx_alignas
    Feature record: CXX_FEATURE:0cxx_alignof
    Feature record: CXX_FEATURE:0cxx_attributes
    Feature record: CXX_FEATURE:0cxx_attribute_deprecated
    Feature record: CXX_FEATURE:0cxx_auto_type
    Feature record: CXX_FEATURE:0cxx_binary_literals
    Feature record: CXX_FEATURE:0cxx_constexpr
    Feature record: CXX_FEATURE:0cxx_contextual_conversions
    Feature record: CXX_FEATURE:0cxx_decltype
    Feature record: CXX_FEATURE:0cxx_decltype_auto
    Feature record: CXX_FEATURE:0cxx_decltype_incomplete_return_types
    Feature record: CXX_FEATURE:0cxx_default_function_template_args
    Feature record: CXX_FEATURE:0cxx_defaulted_functions
    Feature record: CXX_FEATURE:0cxx_defaulted_move_initializers
    Feature record: CXX_FEATURE:0cxx_delegating_constructors
    Feature record: CXX_FEATURE:0cxx_deleted_functions
    Feature record: CXX_FEATURE:0cxx_digit_separators
    Feature record: CXX_FEATURE:0cxx_enum_forward_declarations
    Feature record: CXX_FEATURE:0cxx_explicit_conversions
    Feature record: CXX_FEATURE:0cxx_extended_friend_declarations
    Feature record: CXX_FEATURE:0cxx_extern_templates
    Feature record: CXX_FEATURE:0cxx_final
    Feature record: CXX_FEATURE:0cxx_func_identifier
    Feature record: CXX_FEATURE:0cxx_generalized_initializers
    Feature record: CXX_FEATURE:0cxx_generic_lambdas
    Feature record: CXX_FEATURE:0cxx_inheriting_constructors
    Feature record: CXX_FEATURE:0cxx_inline_namespaces
    Feature record: CXX_FEATURE:0cxx_lambdas
    Feature record: CXX_FEATURE:0cxx_lambda_init_captures
    Feature record: CXX_FEATURE:0cxx_local_type_template_args
    Feature record: CXX_FEATURE:0cxx_long_long_type
    Feature record: CXX_FEATURE:0cxx_noexcept
    Feature record: CXX_FEATURE:0cxx_nonstatic_member_init
    Feature record: CXX_FEATURE:0cxx_nullptr
    Feature record: CXX_FEATURE:0cxx_override
    Feature record: CXX_FEATURE:0cxx_range_for
    Feature record: CXX_FEATURE:0cxx_raw_string_literals
    Feature record: CXX_FEATURE:0cxx_reference_qualified_functions
    Feature record: CXX_FEATURE:0cxx_relaxed_constexpr
    Feature record: CXX_FEATURE:0cxx_return_type_deduction
    Feature record: CXX_FEATURE:0cxx_right_angle_brackets
    Feature record: CXX_FEATURE:0cxx_rvalue_references
    Feature record: CXX_FEATURE:0cxx_sizeof_member
    Feature record: CXX_FEATURE:0cxx_static_assert
    Feature record: CXX_FEATURE:0cxx_strong_enums
    Feature record: CXX_FEATURE:1cxx_template_template_parameters
    Feature record: CXX_FEATURE:0cxx_thread_local
    Feature record: CXX_FEATURE:0cxx_trailing_return_types
    Feature record: CXX_FEATURE:0cxx_unicode_literals
    Feature record: CXX_FEATURE:0cxx_uniform_initialization
    Feature record: CXX_FEATURE:0cxx_unrestricted_unions
    Feature record: CXX_FEATURE:0cxx_user_literals
    Feature record: CXX_FEATURE:0cxx_variable_templates
    Feature record: CXX_FEATURE:0cxx_variadic_macros
    Feature record: CXX_FEATURE:0cxx_variadic_templates
Determining if the include file pthread.h exists passed with the following output:
Change Dir: /home/lumi/code/cpp/d++cord/bin/CMakeFiles/CMakeTmp

Run Build Command(s):/usr/bin/make cmTC_227e4/fast 
/usr/bin/make -f CMakeFiles/cmTC_227e4.dir/build.make CMakeFiles/cmTC_227e4.dir/build
make[1]: Verzeichnis „/home/lumi/code/cpp/d++cord/bin/CMakeFiles/CMakeTmp“ wird betreten
Building C object CMakeFiles/cmTC_227e4.dir/CheckIncludeFile.c.o
/usr/bin/clang-8    -o CMakeFiles/cmTC_227e4.dir/CheckIncludeFile.c.o   -c /home/lumi/code/cpp/d++cord/bin/CMakeFiles/CMakeTmp/CheckIncludeFile.c
Linking C executable cmTC_227e4
/usr/bin/cmake -E cmake_link_script CMakeFiles/cmTC_227e4.dir/link.txt --verbose=1
/usr/bin/clang-8      CMakeFiles/cmTC_227e4.dir/CheckIncludeFile.c.o  -o cmTC_227e4 
make[1]: Verzeichnis „/home/lumi/code/cpp/d++cord/bin/CMakeFiles/CMakeTmp“ wird verlassen


Determining if the function pthread_create exists in the pthread passed with the following output:
Change Dir: /home/lumi/code/cpp/d++cord/bin/CMakeFiles/CMakeTmp

Run Build Command(s):/usr/bin/make cmTC_be556/fast 
/usr/bin/make -f CMakeFiles/cmTC_be556.dir/build.make CMakeFiles/cmTC_be556.dir/build
make[1]: Verzeichnis „/home/lumi/code/cpp/d++cord/bin/CMakeFiles/CMakeTmp“ wird betreten
Building C object CMakeFiles/cmTC_be556.dir/CheckFunctionExists.c.o
/usr/bin/clang-8   -DCHECK_FUNCTION_EXISTS=pthread_create   -o CMakeFiles/cmTC_be556.dir/CheckFunctionExists.c.o   -c /usr/share/cmake-3.14/Modules/CheckFunctionExists.c
Linking C executable cmTC_be556
/usr/bin/cmake -E cmake_link_script CMakeFiles/cmTC_be556.dir/link.txt --verbose=1
/usr/bin/clang-8  -DCHECK_FUNCTION_EXISTS=pthread_create    CMakeFiles/cmTC_be556.dir/CheckFunctionExists.c.o  -o cmTC_be556 -lpthread 
make[1]: Verzeichnis „/home/lumi/code/cpp/d++cord/bin/CMakeFiles/CMakeTmp“ wird verlassen


