Determining if the pthread_create exist failed with the following output:
Change Dir: /home/lumi/code/cpp/d++cord/bin/CMakeFiles/CMakeTmp

Run Build Command(s):/usr/bin/make cmTC_ce17a/fast 
/usr/bin/make -f CMakeFiles/cmTC_ce17a.dir/build.make CMakeFiles/cmTC_ce17a.dir/build
make[1]: Verzeichnis „/home/lumi/code/cpp/d++cord/bin/CMakeFiles/CMakeTmp“ wird betreten
Building C object CMakeFiles/cmTC_ce17a.dir/CheckSymbolExists.c.o
/usr/bin/clang-8    -o CMakeFiles/cmTC_ce17a.dir/CheckSymbolExists.c.o   -c /home/lumi/code/cpp/d++cord/bin/CMakeFiles/CMakeTmp/CheckSymbolExists.c
Linking C executable cmTC_ce17a
/usr/bin/cmake -E cmake_link_script CMakeFiles/cmTC_ce17a.dir/link.txt --verbose=1
/usr/bin/clang-8      CMakeFiles/cmTC_ce17a.dir/CheckSymbolExists.c.o  -o cmTC_ce17a 
/usr/bin/ld: CMakeFiles/cmTC_ce17a.dir/CheckSymbolExists.c.o: in function `main':
CheckSymbolExists.c:(.text+0x7): undefined reference to `pthread_create'
clang-8: error: linker command failed with exit code 1 (use -v to see invocation)
make[1]: *** [CMakeFiles/cmTC_ce17a.dir/build.make:87: cmTC_ce17a] Fehler 1
make[1]: Verzeichnis „/home/lumi/code/cpp/d++cord/bin/CMakeFiles/CMakeTmp“ wird verlassen
make: *** [Makefile:121: cmTC_ce17a/fast] Fehler 2

File /home/lumi/code/cpp/d++cord/bin/CMakeFiles/CMakeTmp/CheckSymbolExists.c:
/* */
#include <pthread.h>

int main(int argc, char** argv)
{
  (void)argv;
#ifndef pthread_create
  return ((int*)(&pthread_create))[argc];
#else
  (void)argc;
  return 0;
#endif
}

Determining if the function pthread_create exists in the pthreads failed with the following output:
Change Dir: /home/lumi/code/cpp/d++cord/bin/CMakeFiles/CMakeTmp

Run Build Command(s):/usr/bin/make cmTC_29eee/fast 
/usr/bin/make -f CMakeFiles/cmTC_29eee.dir/build.make CMakeFiles/cmTC_29eee.dir/build
make[1]: Verzeichnis „/home/lumi/code/cpp/d++cord/bin/CMakeFiles/CMakeTmp“ wird betreten
Building C object CMakeFiles/cmTC_29eee.dir/CheckFunctionExists.c.o
/usr/bin/clang-8   -DCHECK_FUNCTION_EXISTS=pthread_create   -o CMakeFiles/cmTC_29eee.dir/CheckFunctionExists.c.o   -c /usr/share/cmake-3.14/Modules/CheckFunctionExists.c
Linking C executable cmTC_29eee
/usr/bin/cmake -E cmake_link_script CMakeFiles/cmTC_29eee.dir/link.txt --verbose=1
/usr/bin/clang-8  -DCHECK_FUNCTION_EXISTS=pthread_create    CMakeFiles/cmTC_29eee.dir/CheckFunctionExists.c.o  -o cmTC_29eee -lpthreads 
/usr/bin/ld: cannot find -lpthreads
clang-8: error: linker command failed with exit code 1 (use -v to see invocation)
make[1]: *** [CMakeFiles/cmTC_29eee.dir/build.make:87: cmTC_29eee] Fehler 1
make[1]: Verzeichnis „/home/lumi/code/cpp/d++cord/bin/CMakeFiles/CMakeTmp“ wird verlassen
make: *** [Makefile:121: cmTC_29eee/fast] Fehler 2


