Determining if the pthread_create exist failed with the following output:
Change Dir: /home/lumi/code/cpp/d++cord/example/CMakeFiles/CMakeTmp

Run Build Command(s):/usr/bin/make cmTC_ec7ec/fast 
/usr/bin/make -f CMakeFiles/cmTC_ec7ec.dir/build.make CMakeFiles/cmTC_ec7ec.dir/build
make[1]: Verzeichnis „/home/lumi/code/cpp/d++cord/example/CMakeFiles/CMakeTmp“ wird betreten
Building C object CMakeFiles/cmTC_ec7ec.dir/CheckSymbolExists.c.o
/usr/bin/cc    -o CMakeFiles/cmTC_ec7ec.dir/CheckSymbolExists.c.o   -c /home/lumi/code/cpp/d++cord/example/CMakeFiles/CMakeTmp/CheckSymbolExists.c
Linking C executable cmTC_ec7ec
/usr/bin/cmake -E cmake_link_script CMakeFiles/cmTC_ec7ec.dir/link.txt --verbose=1
/usr/bin/cc      CMakeFiles/cmTC_ec7ec.dir/CheckSymbolExists.c.o  -o cmTC_ec7ec 
/usr/bin/ld: CMakeFiles/cmTC_ec7ec.dir/CheckSymbolExists.c.o: in function `main':
CheckSymbolExists.c:(.text+0x1b): undefined reference to `pthread_create'
collect2: Fehler: ld gab 1 als Ende-Status zurück
make[1]: *** [CMakeFiles/cmTC_ec7ec.dir/build.make:87: cmTC_ec7ec] Fehler 1
make[1]: Verzeichnis „/home/lumi/code/cpp/d++cord/example/CMakeFiles/CMakeTmp“ wird verlassen
make: *** [Makefile:121: cmTC_ec7ec/fast] Fehler 2

File /home/lumi/code/cpp/d++cord/example/CMakeFiles/CMakeTmp/CheckSymbolExists.c:
/* */
#include <pthread.h>

int main(int argc, char** argv)
{
  (void)argv;
#ifndef pthread_create
  return ((int*)(&pthread_create))[argc];
#else
  (void)argc;
  return 0;
#endif
}

Determining if the function pthread_create exists in the pthreads failed with the following output:
Change Dir: /home/lumi/code/cpp/d++cord/example/CMakeFiles/CMakeTmp

Run Build Command(s):/usr/bin/make cmTC_32496/fast 
/usr/bin/make -f CMakeFiles/cmTC_32496.dir/build.make CMakeFiles/cmTC_32496.dir/build
make[1]: Verzeichnis „/home/lumi/code/cpp/d++cord/example/CMakeFiles/CMakeTmp“ wird betreten
Building C object CMakeFiles/cmTC_32496.dir/CheckFunctionExists.c.o
/usr/bin/cc   -DCHECK_FUNCTION_EXISTS=pthread_create   -o CMakeFiles/cmTC_32496.dir/CheckFunctionExists.c.o   -c /usr/share/cmake-3.14/Modules/CheckFunctionExists.c
Linking C executable cmTC_32496
/usr/bin/cmake -E cmake_link_script CMakeFiles/cmTC_32496.dir/link.txt --verbose=1
/usr/bin/cc  -DCHECK_FUNCTION_EXISTS=pthread_create    CMakeFiles/cmTC_32496.dir/CheckFunctionExists.c.o  -o cmTC_32496 -lpthreads 
/usr/bin/ld: cannot find -lpthreads
collect2: Fehler: ld gab 1 als Ende-Status zurück
make[1]: *** [CMakeFiles/cmTC_32496.dir/build.make:87: cmTC_32496] Fehler 1
make[1]: Verzeichnis „/home/lumi/code/cpp/d++cord/example/CMakeFiles/CMakeTmp“ wird verlassen
make: *** [Makefile:121: cmTC_32496/fast] Fehler 2


