The system is: Linux - 5.1.5-arch1-2-ARCH - x86_64
Compiling the C compiler identification source file "CMakeCCompilerId.c" succeeded.
Compiler: /usr/bin/clang-8 
Build flags: 
Id flags:  

The output was:
0


Compilation of the C compiler identification source "CMakeCCompilerId.c" produced "a.out"

The C compiler identification is Clang, found in "/home/lumi/code/cpp/d++cord/plugins/example_plugin/CMakeFiles/3.14.5/CompilerIdC/a.out"

Compiling the CXX compiler identification source file "CMakeCXXCompilerId.cpp" succeeded.
Compiler: /usr/bin/clang++ 
Build flags: 
Id flags:  

The output was:
0


Compilation of the CXX compiler identification source "CMakeCXXCompilerId.cpp" produced "a.out"

The CXX compiler identification is Clang, found in "/home/lumi/code/cpp/d++cord/plugins/example_plugin/CMakeFiles/3.14.5/CompilerIdCXX/a.out"

Determining if the C compiler works passed with the following output:
Change Dir: /home/lumi/code/cpp/d++cord/plugins/example_plugin/CMakeFiles/CMakeTmp

Run Build Command(s):/usr/bin/make cmTC_b9613/fast 
/usr/bin/make -f CMakeFiles/cmTC_b9613.dir/build.make CMakeFiles/cmTC_b9613.dir/build
make[1]: Entering directory '/home/lumi/code/cpp/d++cord/plugins/example_plugin/CMakeFiles/CMakeTmp'
Building C object CMakeFiles/cmTC_b9613.dir/testCCompiler.c.o
/usr/bin/clang-8    -o CMakeFiles/cmTC_b9613.dir/testCCompiler.c.o   -c /home/lumi/code/cpp/d++cord/plugins/example_plugin/CMakeFiles/CMakeTmp/testCCompiler.c
Linking C executable cmTC_b9613
/usr/bin/cmake -E cmake_link_script CMakeFiles/cmTC_b9613.dir/link.txt --verbose=1
/usr/bin/clang-8      CMakeFiles/cmTC_b9613.dir/testCCompiler.c.o  -o cmTC_b9613 
make[1]: Leaving directory '/home/lumi/code/cpp/d++cord/plugins/example_plugin/CMakeFiles/CMakeTmp'


Detecting C compiler ABI info compiled with the following output:
Change Dir: /home/lumi/code/cpp/d++cord/plugins/example_plugin/CMakeFiles/CMakeTmp

Run Build Command(s):/usr/bin/make cmTC_c3c0e/fast 
/usr/bin/make -f CMakeFiles/cmTC_c3c0e.dir/build.make CMakeFiles/cmTC_c3c0e.dir/build
make[1]: Entering directory '/home/lumi/code/cpp/d++cord/plugins/example_plugin/CMakeFiles/CMakeTmp'
Building C object CMakeFiles/cmTC_c3c0e.dir/CMakeCCompilerABI.c.o
/usr/bin/clang-8   -v -o CMakeFiles/cmTC_c3c0e.dir/CMakeCCompilerABI.c.o   -c /usr/share/cmake-3.14/Modules/CMakeCCompilerABI.c
clang version 8.0.0 (tags/RELEASE_800/final)
Target: x86_64-pc-linux-gnu
Thread model: posix
InstalledDir: /usr/bin
Found candidate GCC installation: /usr/bin/../lib/gcc/x86_64-pc-linux-gnu/8.3.0
Found candidate GCC installation: /usr/bin/../lib64/gcc/x86_64-pc-linux-gnu/8.3.0
Found candidate GCC installation: /usr/lib/gcc/x86_64-pc-linux-gnu/8.3.0
Found candidate GCC installation: /usr/lib64/gcc/x86_64-pc-linux-gnu/8.3.0
Selected GCC installation: /usr/bin/../lib64/gcc/x86_64-pc-linux-gnu/8.3.0
Candidate multilib: .;@m64
Candidate multilib: 32;@m32
Selected multilib: .;@m64
 "/usr/bin/clang-8" -cc1 -triple x86_64-pc-linux-gnu -emit-obj -mrelax-all -disable-free -disable-llvm-verifier -discard-value-names -main-file-name CMakeCCompilerABI.c -mrelocation-model pic -pic-level 2 -pic-is-pie -mthread-model posix -mdisable-fp-elim -fmath-errno -masm-verbose -mconstructor-aliases -munwind-tables -fuse-init-array -target-cpu x86-64 -dwarf-column-info -debugger-tuning=gdb -v -coverage-notes-file /home/lumi/code/cpp/d++cord/plugins/example_plugin/CMakeFiles/CMakeTmp/CMakeFiles/cmTC_c3c0e.dir/CMakeCCompilerABI.c.gcno -resource-dir /usr/lib/clang/8.0.0 -internal-isystem /usr/local/include -internal-isystem /usr/lib/clang/8.0.0/include -internal-externc-isystem /include -internal-externc-isystem /usr/include -fdebug-compilation-dir /home/lumi/code/cpp/d++cord/plugins/example_plugin/CMakeFiles/CMakeTmp -ferror-limit 19 -fmessage-length 0 -stack-protector 2 -fobjc-runtime=gcc -fdiagnostics-show-option -o CMakeFiles/cmTC_c3c0e.dir/CMakeCCompilerABI.c.o -x c /usr/share/cmake-3.14/Modules/CMakeCCompilerABI.c -faddrsig
clang -cc1 version 8.0.0 based upon LLVM 8.0.0 default target x86_64-pc-linux-gnu
ignoring nonexistent directory "/include"
#include "..." search starts here:
#include <...> search starts here:
 /usr/local/include
 /usr/lib/clang/8.0.0/include
 /usr/include
End of search list.
Linking C executable cmTC_c3c0e
/usr/bin/cmake -E cmake_link_script CMakeFiles/cmTC_c3c0e.dir/link.txt --verbose=1
/usr/bin/clang-8     -v CMakeFiles/cmTC_c3c0e.dir/CMakeCCompilerABI.c.o  -o cmTC_c3c0e 
clang version 8.0.0 (tags/RELEASE_800/final)
Target: x86_64-pc-linux-gnu
Thread model: posix
InstalledDir: /usr/bin
Found candidate GCC installation: /usr/bin/../lib/gcc/x86_64-pc-linux-gnu/8.3.0
Found candidate GCC installation: /usr/bin/../lib64/gcc/x86_64-pc-linux-gnu/8.3.0
Found candidate GCC installation: /usr/lib/gcc/x86_64-pc-linux-gnu/8.3.0
Found candidate GCC installation: /usr/lib64/gcc/x86_64-pc-linux-gnu/8.3.0
Selected GCC installation: /usr/bin/../lib64/gcc/x86_64-pc-linux-gnu/8.3.0
Candidate multilib: .;@m64
Candidate multilib: 32;@m32
Selected multilib: .;@m64
 "/usr/bin/ld" -pie --eh-frame-hdr -m elf_x86_64 -dynamic-linker /lib64/ld-linux-x86-64.so.2 -o cmTC_c3c0e /usr/bin/../lib64/gcc/x86_64-pc-linux-gnu/8.3.0/../../../../lib64/Scrt1.o /usr/bin/../lib64/gcc/x86_64-pc-linux-gnu/8.3.0/../../../../lib64/crti.o /usr/bin/../lib64/gcc/x86_64-pc-linux-gnu/8.3.0/crtbeginS.o -L/usr/bin/../lib64/gcc/x86_64-pc-linux-gnu/8.3.0 -L/usr/bin/../lib64/gcc/x86_64-pc-linux-gnu/8.3.0/../../../../lib64 -L/usr/bin/../lib64 -L/lib/../lib64 -L/usr/lib/../lib64 -L/usr/bin/../lib64/gcc/x86_64-pc-linux-gnu/8.3.0/../../.. -L/usr/bin/../lib -L/lib -L/usr/lib CMakeFiles/cmTC_c3c0e.dir/CMakeCCompilerABI.c.o -lgcc --as-needed -lgcc_s --no-as-needed -lc -lgcc --as-needed -lgcc_s --no-as-needed /usr/bin/../lib64/gcc/x86_64-pc-linux-gnu/8.3.0/crtendS.o /usr/bin/../lib64/gcc/x86_64-pc-linux-gnu/8.3.0/../../../../lib64/crtn.o
make[1]: Leaving directory '/home/lumi/code/cpp/d++cord/plugins/example_plugin/CMakeFiles/CMakeTmp'


Parsed C implicit include dir info from above output: rv=done
  found start of include info
  found start of implicit include info
    add: [/usr/local/include]
    add: [/usr/lib/clang/8.0.0/include]
    add: [/usr/include]
  end of search list found
  collapse include dir [/usr/local/include] ==> [/usr/local/include]
  collapse include dir [/usr/lib/clang/8.0.0/include] ==> [/usr/lib/clang/8.0.0/include]
  collapse include dir [/usr/include] ==> [/usr/include]
  implicit include dirs: [/usr/local/include;/usr/lib/clang/8.0.0/include;/usr/include]


Parsed C implicit link information from above output:
  link line regex: [^( *|.*[/\])(ld|CMAKE_LINK_STARTFILE-NOTFOUND|([^/\]+-)?ld|collect2)[^/\]*( |$)]
  ignore line: [Change Dir: /home/lumi/code/cpp/d++cord/plugins/example_plugin/CMakeFiles/CMakeTmp]
  ignore line: []
  ignore line: [Run Build Command(s):/usr/bin/make cmTC_c3c0e/fast ]
  ignore line: [/usr/bin/make -f CMakeFiles/cmTC_c3c0e.dir/build.make CMakeFiles/cmTC_c3c0e.dir/build]
  ignore line: [make[1]: Entering directory '/home/lumi/code/cpp/d++cord/plugins/example_plugin/CMakeFiles/CMakeTmp']
  ignore line: [Building C object CMakeFiles/cmTC_c3c0e.dir/CMakeCCompilerABI.c.o]
  ignore line: [/usr/bin/clang-8   -v -o CMakeFiles/cmTC_c3c0e.dir/CMakeCCompilerABI.c.o   -c /usr/share/cmake-3.14/Modules/CMakeCCompilerABI.c]
  ignore line: [clang version 8.0.0 (tags/RELEASE_800/final)]
  ignore line: [Target: x86_64-pc-linux-gnu]
  ignore line: [Thread model: posix]
  ignore line: [InstalledDir: /usr/bin]
  ignore line: [Found candidate GCC installation: /usr/bin/../lib/gcc/x86_64-pc-linux-gnu/8.3.0]
  ignore line: [Found candidate GCC installation: /usr/bin/../lib64/gcc/x86_64-pc-linux-gnu/8.3.0]
  ignore line: [Found candidate GCC installation: /usr/lib/gcc/x86_64-pc-linux-gnu/8.3.0]
  ignore line: [Found candidate GCC installation: /usr/lib64/gcc/x86_64-pc-linux-gnu/8.3.0]
  ignore line: [Selected GCC installation: /usr/bin/../lib64/gcc/x86_64-pc-linux-gnu/8.3.0]
  ignore line: [Candidate multilib: .]
  ignore line: [@m64]
  ignore line: [Candidate multilib: 32]
  ignore line: [@m32]
  ignore line: [Selected multilib: .]
  ignore line: [@m64]
  ignore line: [ "/usr/bin/clang-8" -cc1 -triple x86_64-pc-linux-gnu -emit-obj -mrelax-all -disable-free -disable-llvm-verifier -discard-value-names -main-file-name CMakeCCompilerABI.c -mrelocation-model pic -pic-level 2 -pic-is-pie -mthread-model posix -mdisable-fp-elim -fmath-errno -masm-verbose -mconstructor-aliases -munwind-tables -fuse-init-array -target-cpu x86-64 -dwarf-column-info -debugger-tuning=gdb -v -coverage-notes-file /home/lumi/code/cpp/d++cord/plugins/example_plugin/CMakeFiles/CMakeTmp/CMakeFiles/cmTC_c3c0e.dir/CMakeCCompilerABI.c.gcno -resource-dir /usr/lib/clang/8.0.0 -internal-isystem /usr/local/include -internal-isystem /usr/lib/clang/8.0.0/include -internal-externc-isystem /include -internal-externc-isystem /usr/include -fdebug-compilation-dir /home/lumi/code/cpp/d++cord/plugins/example_plugin/CMakeFiles/CMakeTmp -ferror-limit 19 -fmessage-length 0 -stack-protector 2 -fobjc-runtime=gcc -fdiagnostics-show-option -o CMakeFiles/cmTC_c3c0e.dir/CMakeCCompilerABI.c.o -x c /usr/share/cmake-3.14/Modules/CMakeCCompilerABI.c -faddrsig]
  ignore line: [clang -cc1 version 8.0.0 based upon LLVM 8.0.0 default target x86_64-pc-linux-gnu]
  ignore line: [ignoring nonexistent directory "/include"]
  ignore line: [#include "..." search starts here:]
  ignore line: [#include <...> search starts here:]
  ignore line: [ /usr/local/include]
  ignore line: [ /usr/lib/clang/8.0.0/include]
  ignore line: [ /usr/include]
  ignore line: [End of search list.]
  ignore line: [Linking C executable cmTC_c3c0e]
  ignore line: [/usr/bin/cmake -E cmake_link_script CMakeFiles/cmTC_c3c0e.dir/link.txt --verbose=1]
  ignore line: [/usr/bin/clang-8     -v CMakeFiles/cmTC_c3c0e.dir/CMakeCCompilerABI.c.o  -o cmTC_c3c0e ]
  ignore line: [clang version 8.0.0 (tags/RELEASE_800/final)]
  ignore line: [Target: x86_64-pc-linux-gnu]
  ignore line: [Thread model: posix]
  ignore line: [InstalledDir: /usr/bin]
  ignore line: [Found candidate GCC installation: /usr/bin/../lib/gcc/x86_64-pc-linux-gnu/8.3.0]
  ignore line: [Found candidate GCC installation: /usr/bin/../lib64/gcc/x86_64-pc-linux-gnu/8.3.0]
  ignore line: [Found candidate GCC installation: /usr/lib/gcc/x86_64-pc-linux-gnu/8.3.0]
  ignore line: [Found candidate GCC installation: /usr/lib64/gcc/x86_64-pc-linux-gnu/8.3.0]
  ignore line: [Selected GCC installation: /usr/bin/../lib64/gcc/x86_64-pc-linux-gnu/8.3.0]
  ignore line: [Candidate multilib: .]
  ignore line: [@m64]
  ignore line: [Candidate multilib: 32]
  ignore line: [@m32]
  ignore line: [Selected multilib: .]
  ignore line: [@m64]
  link line: [ "/usr/bin/ld" -pie --eh-frame-hdr -m elf_x86_64 -dynamic-linker /lib64/ld-linux-x86-64.so.2 -o cmTC_c3c0e /usr/bin/../lib64/gcc/x86_64-pc-linux-gnu/8.3.0/../../../../lib64/Scrt1.o /usr/bin/../lib64/gcc/x86_64-pc-linux-gnu/8.3.0/../../../../lib64/crti.o /usr/bin/../lib64/gcc/x86_64-pc-linux-gnu/8.3.0/crtbeginS.o -L/usr/bin/../lib64/gcc/x86_64-pc-linux-gnu/8.3.0 -L/usr/bin/../lib64/gcc/x86_64-pc-linux-gnu/8.3.0/../../../../lib64 -L/usr/bin/../lib64 -L/lib/../lib64 -L/usr/lib/../lib64 -L/usr/bin/../lib64/gcc/x86_64-pc-linux-gnu/8.3.0/../../.. -L/usr/bin/../lib -L/lib -L/usr/lib CMakeFiles/cmTC_c3c0e.dir/CMakeCCompilerABI.c.o -lgcc --as-needed -lgcc_s --no-as-needed -lc -lgcc --as-needed -lgcc_s --no-as-needed /usr/bin/../lib64/gcc/x86_64-pc-linux-gnu/8.3.0/crtendS.o /usr/bin/../lib64/gcc/x86_64-pc-linux-gnu/8.3.0/../../../../lib64/crtn.o]
    arg [/usr/bin/ld] ==> ignore
    arg [-pie] ==> ignore
    arg [--eh-frame-hdr] ==> ignore
    arg [-m] ==> ignore
    arg [elf_x86_64] ==> ignore
    arg [-dynamic-linker] ==> ignore
    arg [/lib64/ld-linux-x86-64.so.2] ==> ignore
    arg [-o] ==> ignore
    arg [cmTC_c3c0e] ==> ignore
    arg [/usr/bin/../lib64/gcc/x86_64-pc-linux-gnu/8.3.0/../../../../lib64/Scrt1.o] ==> ignore
    arg [/usr/bin/../lib64/gcc/x86_64-pc-linux-gnu/8.3.0/../../../../lib64/crti.o] ==> ignore
    arg [/usr/bin/../lib64/gcc/x86_64-pc-linux-gnu/8.3.0/crtbeginS.o] ==> ignore
    arg [-L/usr/bin/../lib64/gcc/x86_64-pc-linux-gnu/8.3.0] ==> dir [/usr/bin/../lib64/gcc/x86_64-pc-linux-gnu/8.3.0]
    arg [-L/usr/bin/../lib64/gcc/x86_64-pc-linux-gnu/8.3.0/../../../../lib64] ==> dir [/usr/bin/../lib64/gcc/x86_64-pc-linux-gnu/8.3.0/../../../../lib64]
    arg [-L/usr/bin/../lib64] ==> dir [/usr/bin/../lib64]
    arg [-L/lib/../lib64] ==> dir [/lib/../lib64]
    arg [-L/usr/lib/../lib64] ==> dir [/usr/lib/../lib64]
    arg [-L/usr/bin/../lib64/gcc/x86_64-pc-linux-gnu/8.3.0/../../..] ==> dir [/usr/bin/../lib64/gcc/x86_64-pc-linux-gnu/8.3.0/../../..]
    arg [-L/usr/bin/../lib] ==> dir [/usr/bin/../lib]
    arg [-L/lib] ==> dir [/lib]
    arg [-L/usr/lib] ==> dir [/usr/lib]
    arg [CMakeFiles/cmTC_c3c0e.dir/CMakeCCompilerABI.c.o] ==> ignore
    arg [-lgcc] ==> lib [gcc]
    arg [--as-needed] ==> ignore
    arg [-lgcc_s] ==> lib [gcc_s]
    arg [--no-as-needed] ==> ignore
    arg [-lc] ==> lib [c]
    arg [-lgcc] ==> lib [gcc]
    arg [--as-needed] ==> ignore
    arg [-lgcc_s] ==> lib [gcc_s]
    arg [--no-as-needed] ==> ignore
    arg [/usr/bin/../lib64/gcc/x86_64-pc-linux-gnu/8.3.0/crtendS.o] ==> ignore
    arg [/usr/bin/../lib64/gcc/x86_64-pc-linux-gnu/8.3.0/../../../../lib64/crtn.o] ==> ignore
  collapse library dir [/usr/bin/../lib64/gcc/x86_64-pc-linux-gnu/8.3.0] ==> [/usr/lib64/gcc/x86_64-pc-linux-gnu/8.3.0]
  collapse library dir [/usr/bin/../lib64/gcc/x86_64-pc-linux-gnu/8.3.0/../../../../lib64] ==> [/usr/lib64]
  collapse library dir [/usr/bin/../lib64] ==> [/usr/lib64]
  collapse library dir [/lib/../lib64] ==> [/lib64]
  collapse library dir [/usr/lib/../lib64] ==> [/usr/lib64]
  collapse library dir [/usr/bin/../lib64/gcc/x86_64-pc-linux-gnu/8.3.0/../../..] ==> [/usr/lib64]
  collapse library dir [/usr/bin/../lib] ==> [/usr/lib]
  collapse library dir [/lib] ==> [/lib]
  collapse library dir [/usr/lib] ==> [/usr/lib]
  implicit libs: [gcc;gcc_s;c;gcc;gcc_s]
  implicit dirs: [/usr/lib64/gcc/x86_64-pc-linux-gnu/8.3.0;/usr/lib64;/lib64;/usr/lib;/lib]
  implicit fwks: []




Detecting C [-std=c11] compiler features compiled with the following output:
Change Dir: /home/lumi/code/cpp/d++cord/plugins/example_plugin/CMakeFiles/CMakeTmp

Run Build Command(s):/usr/bin/make cmTC_dd0d9/fast 
/usr/bin/make -f CMakeFiles/cmTC_dd0d9.dir/build.make CMakeFiles/cmTC_dd0d9.dir/build
make[1]: Entering directory '/home/lumi/code/cpp/d++cord/plugins/example_plugin/CMakeFiles/CMakeTmp'
Building C object CMakeFiles/cmTC_dd0d9.dir/feature_tests.c.o
/usr/bin/clang-8   -std=c11 -o CMakeFiles/cmTC_dd0d9.dir/feature_tests.c.o   -c /home/lumi/code/cpp/d++cord/plugins/example_plugin/CMakeFiles/feature_tests.c
Linking C executable cmTC_dd0d9
/usr/bin/cmake -E cmake_link_script CMakeFiles/cmTC_dd0d9.dir/link.txt --verbose=1
/usr/bin/clang-8      CMakeFiles/cmTC_dd0d9.dir/feature_tests.c.o  -o cmTC_dd0d9 
make[1]: Leaving directory '/home/lumi/code/cpp/d++cord/plugins/example_plugin/CMakeFiles/CMakeTmp'


    Feature record: C_FEATURE:1c_function_prototypes
    Feature record: C_FEATURE:1c_restrict
    Feature record: C_FEATURE:1c_static_assert
    Feature record: C_FEATURE:1c_variadic_macros


Detecting C [-std=c99] compiler features compiled with the following output:
Change Dir: /home/lumi/code/cpp/d++cord/plugins/example_plugin/CMakeFiles/CMakeTmp

Run Build Command(s):/usr/bin/make cmTC_146af/fast 
/usr/bin/make -f CMakeFiles/cmTC_146af.dir/build.make CMakeFiles/cmTC_146af.dir/build
make[1]: Entering directory '/home/lumi/code/cpp/d++cord/plugins/example_plugin/CMakeFiles/CMakeTmp'
Building C object CMakeFiles/cmTC_146af.dir/feature_tests.c.o
/usr/bin/clang-8   -std=c99 -o CMakeFiles/cmTC_146af.dir/feature_tests.c.o   -c /home/lumi/code/cpp/d++cord/plugins/example_plugin/CMakeFiles/feature_tests.c
Linking C executable cmTC_146af
/usr/bin/cmake -E cmake_link_script CMakeFiles/cmTC_146af.dir/link.txt --verbose=1
/usr/bin/clang-8      CMakeFiles/cmTC_146af.dir/feature_tests.c.o  -o cmTC_146af 
make[1]: Leaving directory '/home/lumi/code/cpp/d++cord/plugins/example_plugin/CMakeFiles/CMakeTmp'


    Feature record: C_FEATURE:1c_function_prototypes
    Feature record: C_FEATURE:1c_restrict
    Feature record: C_FEATURE:0c_static_assert
    Feature record: C_FEATURE:1c_variadic_macros


Detecting C [-std=c90] compiler features compiled with the following output:
Change Dir: /home/lumi/code/cpp/d++cord/plugins/example_plugin/CMakeFiles/CMakeTmp

Run Build Command(s):/usr/bin/make cmTC_4e8f2/fast 
/usr/bin/make -f CMakeFiles/cmTC_4e8f2.dir/build.make CMakeFiles/cmTC_4e8f2.dir/build
make[1]: Entering directory '/home/lumi/code/cpp/d++cord/plugins/example_plugin/CMakeFiles/CMakeTmp'
Building C object CMakeFiles/cmTC_4e8f2.dir/feature_tests.c.o
/usr/bin/clang-8   -std=c90 -o CMakeFiles/cmTC_4e8f2.dir/feature_tests.c.o   -c /home/lumi/code/cpp/d++cord/plugins/example_plugin/CMakeFiles/feature_tests.c
Linking C executable cmTC_4e8f2
/usr/bin/cmake -E cmake_link_script CMakeFiles/cmTC_4e8f2.dir/link.txt --verbose=1
/usr/bin/clang-8      CMakeFiles/cmTC_4e8f2.dir/feature_tests.c.o  -o cmTC_4e8f2 
make[1]: Leaving directory '/home/lumi/code/cpp/d++cord/plugins/example_plugin/CMakeFiles/CMakeTmp'


    Feature record: C_FEATURE:1c_function_prototypes
    Feature record: C_FEATURE:0c_restrict
    Feature record: C_FEATURE:0c_static_assert
    Feature record: C_FEATURE:0c_variadic_macros
Determining if the CXX compiler works passed with the following output:
Change Dir: /home/lumi/code/cpp/d++cord/plugins/example_plugin/CMakeFiles/CMakeTmp

Run Build Command(s):/usr/bin/make cmTC_af23a/fast 
/usr/bin/make -f CMakeFiles/cmTC_af23a.dir/build.make CMakeFiles/cmTC_af23a.dir/build
make[1]: Entering directory '/home/lumi/code/cpp/d++cord/plugins/example_plugin/CMakeFiles/CMakeTmp'
Building CXX object CMakeFiles/cmTC_af23a.dir/testCXXCompiler.cxx.o
/usr/bin/clang++     -o CMakeFiles/cmTC_af23a.dir/testCXXCompiler.cxx.o -c /home/lumi/code/cpp/d++cord/plugins/example_plugin/CMakeFiles/CMakeTmp/testCXXCompiler.cxx
Linking CXX executable cmTC_af23a
/usr/bin/cmake -E cmake_link_script CMakeFiles/cmTC_af23a.dir/link.txt --verbose=1
/usr/bin/clang++       CMakeFiles/cmTC_af23a.dir/testCXXCompiler.cxx.o  -o cmTC_af23a 
make[1]: Leaving directory '/home/lumi/code/cpp/d++cord/plugins/example_plugin/CMakeFiles/CMakeTmp'


Detecting CXX compiler ABI info compiled with the following output:
Change Dir: /home/lumi/code/cpp/d++cord/plugins/example_plugin/CMakeFiles/CMakeTmp

Run Build Command(s):/usr/bin/make cmTC_d198d/fast 
/usr/bin/make -f CMakeFiles/cmTC_d198d.dir/build.make CMakeFiles/cmTC_d198d.dir/build
make[1]: Entering directory '/home/lumi/code/cpp/d++cord/plugins/example_plugin/CMakeFiles/CMakeTmp'
Building CXX object CMakeFiles/cmTC_d198d.dir/CMakeCXXCompilerABI.cpp.o
/usr/bin/clang++    -v -o CMakeFiles/cmTC_d198d.dir/CMakeCXXCompilerABI.cpp.o -c /usr/share/cmake-3.14/Modules/CMakeCXXCompilerABI.cpp
clang version 8.0.0 (tags/RELEASE_800/final)
Target: x86_64-pc-linux-gnu
Thread model: posix
InstalledDir: /usr/bin
Found candidate GCC installation: /usr/bin/../lib/gcc/x86_64-pc-linux-gnu/8.3.0
Found candidate GCC installation: /usr/bin/../lib64/gcc/x86_64-pc-linux-gnu/8.3.0
Found candidate GCC installation: /usr/lib/gcc/x86_64-pc-linux-gnu/8.3.0
Found candidate GCC installation: /usr/lib64/gcc/x86_64-pc-linux-gnu/8.3.0
Selected GCC installation: /usr/bin/../lib64/gcc/x86_64-pc-linux-gnu/8.3.0
Candidate multilib: .;@m64
Candidate multilib: 32;@m32
Selected multilib: .;@m64
 "/usr/bin/clang-8" -cc1 -triple x86_64-pc-linux-gnu -emit-obj -mrelax-all -disable-free -disable-llvm-verifier -discard-value-names -main-file-name CMakeCXXCompilerABI.cpp -mrelocation-model pic -pic-level 2 -pic-is-pie -mthread-model posix -mdisable-fp-elim -fmath-errno -masm-verbose -mconstructor-aliases -munwind-tables -fuse-init-array -target-cpu x86-64 -dwarf-column-info -debugger-tuning=gdb -v -coverage-notes-file /home/lumi/code/cpp/d++cord/plugins/example_plugin/CMakeFiles/CMakeTmp/CMakeFiles/cmTC_d198d.dir/CMakeCXXCompilerABI.cpp.gcno -resource-dir /usr/lib/clang/8.0.0 -internal-isystem /usr/bin/../lib64/gcc/x86_64-pc-linux-gnu/8.3.0/../../../../include/c++/8.3.0 -internal-isystem /usr/bin/../lib64/gcc/x86_64-pc-linux-gnu/8.3.0/../../../../include/c++/8.3.0/x86_64-pc-linux-gnu -internal-isystem /usr/bin/../lib64/gcc/x86_64-pc-linux-gnu/8.3.0/../../../../include/c++/8.3.0/backward -internal-isystem /usr/local/include -internal-isystem /usr/lib/clang/8.0.0/include -internal-externc-isystem /include -internal-externc-isystem /usr/include -fdeprecated-macro -fdebug-compilation-dir /home/lumi/code/cpp/d++cord/plugins/example_plugin/CMakeFiles/CMakeTmp -ferror-limit 19 -fmessage-length 0 -stack-protector 2 -fobjc-runtime=gcc -fcxx-exceptions -fexceptions -fdiagnostics-show-option -o CMakeFiles/cmTC_d198d.dir/CMakeCXXCompilerABI.cpp.o -x c++ /usr/share/cmake-3.14/Modules/CMakeCXXCompilerABI.cpp -faddrsig
clang -cc1 version 8.0.0 based upon LLVM 8.0.0 default target x86_64-pc-linux-gnu
ignoring nonexistent directory "/include"
#include "..." search starts here:
#include <...> search starts here:
 /usr/bin/../lib64/gcc/x86_64-pc-linux-gnu/8.3.0/../../../../include/c++/8.3.0
 /usr/bin/../lib64/gcc/x86_64-pc-linux-gnu/8.3.0/../../../../include/c++/8.3.0/x86_64-pc-linux-gnu
 /usr/bin/../lib64/gcc/x86_64-pc-linux-gnu/8.3.0/../../../../include/c++/8.3.0/backward
 /usr/local/include
 /usr/lib/clang/8.0.0/include
 /usr/include
End of search list.
Linking CXX executable cmTC_d198d
/usr/bin/cmake -E cmake_link_script CMakeFiles/cmTC_d198d.dir/link.txt --verbose=1
/usr/bin/clang++      -v CMakeFiles/cmTC_d198d.dir/CMakeCXXCompilerABI.cpp.o  -o cmTC_d198d 
clang version 8.0.0 (tags/RELEASE_800/final)
Target: x86_64-pc-linux-gnu
Thread model: posix
InstalledDir: /usr/bin
Found candidate GCC installation: /usr/bin/../lib/gcc/x86_64-pc-linux-gnu/8.3.0
Found candidate GCC installation: /usr/bin/../lib64/gcc/x86_64-pc-linux-gnu/8.3.0
Found candidate GCC installation: /usr/lib/gcc/x86_64-pc-linux-gnu/8.3.0
Found candidate GCC installation: /usr/lib64/gcc/x86_64-pc-linux-gnu/8.3.0
Selected GCC installation: /usr/bin/../lib64/gcc/x86_64-pc-linux-gnu/8.3.0
Candidate multilib: .;@m64
Candidate multilib: 32;@m32
Selected multilib: .;@m64
 "/usr/bin/ld" -pie --eh-frame-hdr -m elf_x86_64 -dynamic-linker /lib64/ld-linux-x86-64.so.2 -o cmTC_d198d /usr/bin/../lib64/gcc/x86_64-pc-linux-gnu/8.3.0/../../../../lib64/Scrt1.o /usr/bin/../lib64/gcc/x86_64-pc-linux-gnu/8.3.0/../../../../lib64/crti.o /usr/bin/../lib64/gcc/x86_64-pc-linux-gnu/8.3.0/crtbeginS.o -L/usr/bin/../lib64/gcc/x86_64-pc-linux-gnu/8.3.0 -L/usr/bin/../lib64/gcc/x86_64-pc-linux-gnu/8.3.0/../../../../lib64 -L/usr/bin/../lib64 -L/lib/../lib64 -L/usr/lib/../lib64 -L/usr/bin/../lib64/gcc/x86_64-pc-linux-gnu/8.3.0/../../.. -L/usr/bin/../lib -L/lib -L/usr/lib CMakeFiles/cmTC_d198d.dir/CMakeCXXCompilerABI.cpp.o -lstdc++ -lm -lgcc_s -lgcc -lc -lgcc_s -lgcc /usr/bin/../lib64/gcc/x86_64-pc-linux-gnu/8.3.0/crtendS.o /usr/bin/../lib64/gcc/x86_64-pc-linux-gnu/8.3.0/../../../../lib64/crtn.o
make[1]: Leaving directory '/home/lumi/code/cpp/d++cord/plugins/example_plugin/CMakeFiles/CMakeTmp'


Parsed CXX implicit include dir info from above output: rv=done
  found start of include info
  found start of implicit include info
    add: [/usr/bin/../lib64/gcc/x86_64-pc-linux-gnu/8.3.0/../../../../include/c++/8.3.0]
    add: [/usr/bin/../lib64/gcc/x86_64-pc-linux-gnu/8.3.0/../../../../include/c++/8.3.0/x86_64-pc-linux-gnu]
    add: [/usr/bin/../lib64/gcc/x86_64-pc-linux-gnu/8.3.0/../../../../include/c++/8.3.0/backward]
    add: [/usr/local/include]
    add: [/usr/lib/clang/8.0.0/include]
    add: [/usr/include]
  end of search list found
  collapse include dir [/usr/bin/../lib64/gcc/x86_64-pc-linux-gnu/8.3.0/../../../../include/c++/8.3.0] ==> [/usr/include/c++/8.3.0]
  collapse include dir [/usr/bin/../lib64/gcc/x86_64-pc-linux-gnu/8.3.0/../../../../include/c++/8.3.0/x86_64-pc-linux-gnu] ==> [/usr/include/c++/8.3.0/x86_64-pc-linux-gnu]
  collapse include dir [/usr/bin/../lib64/gcc/x86_64-pc-linux-gnu/8.3.0/../../../../include/c++/8.3.0/backward] ==> [/usr/include/c++/8.3.0/backward]
  collapse include dir [/usr/local/include] ==> [/usr/local/include]
  collapse include dir [/usr/lib/clang/8.0.0/include] ==> [/usr/lib/clang/8.0.0/include]
  collapse include dir [/usr/include] ==> [/usr/include]
  implicit include dirs: [/usr/include/c++/8.3.0;/usr/include/c++/8.3.0/x86_64-pc-linux-gnu;/usr/include/c++/8.3.0/backward;/usr/local/include;/usr/lib/clang/8.0.0/include;/usr/include]


Parsed CXX implicit link information from above output:
  link line regex: [^( *|.*[/\])(ld|CMAKE_LINK_STARTFILE-NOTFOUND|([^/\]+-)?ld|collect2)[^/\]*( |$)]
  ignore line: [Change Dir: /home/lumi/code/cpp/d++cord/plugins/example_plugin/CMakeFiles/CMakeTmp]
  ignore line: []
  ignore line: [Run Build Command(s):/usr/bin/make cmTC_d198d/fast ]
  ignore line: [/usr/bin/make -f CMakeFiles/cmTC_d198d.dir/build.make CMakeFiles/cmTC_d198d.dir/build]
  ignore line: [make[1]: Entering directory '/home/lumi/code/cpp/d++cord/plugins/example_plugin/CMakeFiles/CMakeTmp']
  ignore line: [Building CXX object CMakeFiles/cmTC_d198d.dir/CMakeCXXCompilerABI.cpp.o]
  ignore line: [/usr/bin/clang++    -v -o CMakeFiles/cmTC_d198d.dir/CMakeCXXCompilerABI.cpp.o -c /usr/share/cmake-3.14/Modules/CMakeCXXCompilerABI.cpp]
  ignore line: [clang version 8.0.0 (tags/RELEASE_800/final)]
  ignore line: [Target: x86_64-pc-linux-gnu]
  ignore line: [Thread model: posix]
  ignore line: [InstalledDir: /usr/bin]
  ignore line: [Found candidate GCC installation: /usr/bin/../lib/gcc/x86_64-pc-linux-gnu/8.3.0]
  ignore line: [Found candidate GCC installation: /usr/bin/../lib64/gcc/x86_64-pc-linux-gnu/8.3.0]
  ignore line: [Found candidate GCC installation: /usr/lib/gcc/x86_64-pc-linux-gnu/8.3.0]
  ignore line: [Found candidate GCC installation: /usr/lib64/gcc/x86_64-pc-linux-gnu/8.3.0]
  ignore line: [Selected GCC installation: /usr/bin/../lib64/gcc/x86_64-pc-linux-gnu/8.3.0]
  ignore line: [Candidate multilib: .]
  ignore line: [@m64]
  ignore line: [Candidate multilib: 32]
  ignore line: [@m32]
  ignore line: [Selected multilib: .]
  ignore line: [@m64]
  ignore line: [ "/usr/bin/clang-8" -cc1 -triple x86_64-pc-linux-gnu -emit-obj -mrelax-all -disable-free -disable-llvm-verifier -discard-value-names -main-file-name CMakeCXXCompilerABI.cpp -mrelocation-model pic -pic-level 2 -pic-is-pie -mthread-model posix -mdisable-fp-elim -fmath-errno -masm-verbose -mconstructor-aliases -munwind-tables -fuse-init-array -target-cpu x86-64 -dwarf-column-info -debugger-tuning=gdb -v -coverage-notes-file /home/lumi/code/cpp/d++cord/plugins/example_plugin/CMakeFiles/CMakeTmp/CMakeFiles/cmTC_d198d.dir/CMakeCXXCompilerABI.cpp.gcno -resource-dir /usr/lib/clang/8.0.0 -internal-isystem /usr/bin/../lib64/gcc/x86_64-pc-linux-gnu/8.3.0/../../../../include/c++/8.3.0 -internal-isystem /usr/bin/../lib64/gcc/x86_64-pc-linux-gnu/8.3.0/../../../../include/c++/8.3.0/x86_64-pc-linux-gnu -internal-isystem /usr/bin/../lib64/gcc/x86_64-pc-linux-gnu/8.3.0/../../../../include/c++/8.3.0/backward -internal-isystem /usr/local/include -internal-isystem /usr/lib/clang/8.0.0/include -internal-externc-isystem /include -internal-externc-isystem /usr/include -fdeprecated-macro -fdebug-compilation-dir /home/lumi/code/cpp/d++cord/plugins/example_plugin/CMakeFiles/CMakeTmp -ferror-limit 19 -fmessage-length 0 -stack-protector 2 -fobjc-runtime=gcc -fcxx-exceptions -fexceptions -fdiagnostics-show-option -o CMakeFiles/cmTC_d198d.dir/CMakeCXXCompilerABI.cpp.o -x c++ /usr/share/cmake-3.14/Modules/CMakeCXXCompilerABI.cpp -faddrsig]
  ignore line: [clang -cc1 version 8.0.0 based upon LLVM 8.0.0 default target x86_64-pc-linux-gnu]
  ignore line: [ignoring nonexistent directory "/include"]
  ignore line: [#include "..." search starts here:]
  ignore line: [#include <...> search starts here:]
  ignore line: [ /usr/bin/../lib64/gcc/x86_64-pc-linux-gnu/8.3.0/../../../../include/c++/8.3.0]
  ignore line: [ /usr/bin/../lib64/gcc/x86_64-pc-linux-gnu/8.3.0/../../../../include/c++/8.3.0/x86_64-pc-linux-gnu]
  ignore line: [ /usr/bin/../lib64/gcc/x86_64-pc-linux-gnu/8.3.0/../../../../include/c++/8.3.0/backward]
  ignore line: [ /usr/local/include]
  ignore line: [ /usr/lib/clang/8.0.0/include]
  ignore line: [ /usr/include]
  ignore line: [End of search list.]
  ignore line: [Linking CXX executable cmTC_d198d]
  ignore line: [/usr/bin/cmake -E cmake_link_script CMakeFiles/cmTC_d198d.dir/link.txt --verbose=1]
  ignore line: [/usr/bin/clang++      -v CMakeFiles/cmTC_d198d.dir/CMakeCXXCompilerABI.cpp.o  -o cmTC_d198d ]
  ignore line: [clang version 8.0.0 (tags/RELEASE_800/final)]
  ignore line: [Target: x86_64-pc-linux-gnu]
  ignore line: [Thread model: posix]
  ignore line: [InstalledDir: /usr/bin]
  ignore line: [Found candidate GCC installation: /usr/bin/../lib/gcc/x86_64-pc-linux-gnu/8.3.0]
  ignore line: [Found candidate GCC installation: /usr/bin/../lib64/gcc/x86_64-pc-linux-gnu/8.3.0]
  ignore line: [Found candidate GCC installation: /usr/lib/gcc/x86_64-pc-linux-gnu/8.3.0]
  ignore line: [Found candidate GCC installation: /usr/lib64/gcc/x86_64-pc-linux-gnu/8.3.0]
  ignore line: [Selected GCC installation: /usr/bin/../lib64/gcc/x86_64-pc-linux-gnu/8.3.0]
  ignore line: [Candidate multilib: .]
  ignore line: [@m64]
  ignore line: [Candidate multilib: 32]
  ignore line: [@m32]
  ignore line: [Selected multilib: .]
  ignore line: [@m64]
  link line: [ "/usr/bin/ld" -pie --eh-frame-hdr -m elf_x86_64 -dynamic-linker /lib64/ld-linux-x86-64.so.2 -o cmTC_d198d /usr/bin/../lib64/gcc/x86_64-pc-linux-gnu/8.3.0/../../../../lib64/Scrt1.o /usr/bin/../lib64/gcc/x86_64-pc-linux-gnu/8.3.0/../../../../lib64/crti.o /usr/bin/../lib64/gcc/x86_64-pc-linux-gnu/8.3.0/crtbeginS.o -L/usr/bin/../lib64/gcc/x86_64-pc-linux-gnu/8.3.0 -L/usr/bin/../lib64/gcc/x86_64-pc-linux-gnu/8.3.0/../../../../lib64 -L/usr/bin/../lib64 -L/lib/../lib64 -L/usr/lib/../lib64 -L/usr/bin/../lib64/gcc/x86_64-pc-linux-gnu/8.3.0/../../.. -L/usr/bin/../lib -L/lib -L/usr/lib CMakeFiles/cmTC_d198d.dir/CMakeCXXCompilerABI.cpp.o -lstdc++ -lm -lgcc_s -lgcc -lc -lgcc_s -lgcc /usr/bin/../lib64/gcc/x86_64-pc-linux-gnu/8.3.0/crtendS.o /usr/bin/../lib64/gcc/x86_64-pc-linux-gnu/8.3.0/../../../../lib64/crtn.o]
    arg [/usr/bin/ld] ==> ignore
    arg [-pie] ==> ignore
    arg [--eh-frame-hdr] ==> ignore
    arg [-m] ==> ignore
    arg [elf_x86_64] ==> ignore
    arg [-dynamic-linker] ==> ignore
    arg [/lib64/ld-linux-x86-64.so.2] ==> ignore
    arg [-o] ==> ignore
    arg [cmTC_d198d] ==> ignore
    arg [/usr/bin/../lib64/gcc/x86_64-pc-linux-gnu/8.3.0/../../../../lib64/Scrt1.o] ==> ignore
    arg [/usr/bin/../lib64/gcc/x86_64-pc-linux-gnu/8.3.0/../../../../lib64/crti.o] ==> ignore
    arg [/usr/bin/../lib64/gcc/x86_64-pc-linux-gnu/8.3.0/crtbeginS.o] ==> ignore
    arg [-L/usr/bin/../lib64/gcc/x86_64-pc-linux-gnu/8.3.0] ==> dir [/usr/bin/../lib64/gcc/x86_64-pc-linux-gnu/8.3.0]
    arg [-L/usr/bin/../lib64/gcc/x86_64-pc-linux-gnu/8.3.0/../../../../lib64] ==> dir [/usr/bin/../lib64/gcc/x86_64-pc-linux-gnu/8.3.0/../../../../lib64]
    arg [-L/usr/bin/../lib64] ==> dir [/usr/bin/../lib64]
    arg [-L/lib/../lib64] ==> dir [/lib/../lib64]
    arg [-L/usr/lib/../lib64] ==> dir [/usr/lib/../lib64]
    arg [-L/usr/bin/../lib64/gcc/x86_64-pc-linux-gnu/8.3.0/../../..] ==> dir [/usr/bin/../lib64/gcc/x86_64-pc-linux-gnu/8.3.0/../../..]
    arg [-L/usr/bin/../lib] ==> dir [/usr/bin/../lib]
    arg [-L/lib] ==> dir [/lib]
    arg [-L/usr/lib] ==> dir [/usr/lib]
    arg [CMakeFiles/cmTC_d198d.dir/CMakeCXXCompilerABI.cpp.o] ==> ignore
    arg [-lstdc++] ==> lib [stdc++]
    arg [-lm] ==> lib [m]
    arg [-lgcc_s] ==> lib [gcc_s]
    arg [-lgcc] ==> lib [gcc]
    arg [-lc] ==> lib [c]
    arg [-lgcc_s] ==> lib [gcc_s]
    arg [-lgcc] ==> lib [gcc]
    arg [/usr/bin/../lib64/gcc/x86_64-pc-linux-gnu/8.3.0/crtendS.o] ==> ignore
    arg [/usr/bin/../lib64/gcc/x86_64-pc-linux-gnu/8.3.0/../../../../lib64/crtn.o] ==> ignore
  collapse library dir [/usr/bin/../lib64/gcc/x86_64-pc-linux-gnu/8.3.0] ==> [/usr/lib64/gcc/x86_64-pc-linux-gnu/8.3.0]
  collapse library dir [/usr/bin/../lib64/gcc/x86_64-pc-linux-gnu/8.3.0/../../../../lib64] ==> [/usr/lib64]
  collapse library dir [/usr/bin/../lib64] ==> [/usr/lib64]
  collapse library dir [/lib/../lib64] ==> [/lib64]
  collapse library dir [/usr/lib/../lib64] ==> [/usr/lib64]
  collapse library dir [/usr/bin/../lib64/gcc/x86_64-pc-linux-gnu/8.3.0/../../..] ==> [/usr/lib64]
  collapse library dir [/usr/bin/../lib] ==> [/usr/lib]
  collapse library dir [/lib] ==> [/lib]
  collapse library dir [/usr/lib] ==> [/usr/lib]
  implicit libs: [stdc++;m;gcc_s;gcc;c;gcc_s;gcc]
  implicit dirs: [/usr/lib64/gcc/x86_64-pc-linux-gnu/8.3.0;/usr/lib64;/lib64;/usr/lib;/lib]
  implicit fwks: []




Detecting CXX [-std=c++2a] compiler features compiled with the following output:
Change Dir: /home/lumi/code/cpp/d++cord/plugins/example_plugin/CMakeFiles/CMakeTmp

Run Build Command(s):/usr/bin/make cmTC_290e4/fast 
/usr/bin/make -f CMakeFiles/cmTC_290e4.dir/build.make CMakeFiles/cmTC_290e4.dir/build
make[1]: Entering directory '/home/lumi/code/cpp/d++cord/plugins/example_plugin/CMakeFiles/CMakeTmp'
Building CXX object CMakeFiles/cmTC_290e4.dir/feature_tests.cxx.o
/usr/bin/clang++    -std=c++2a -o CMakeFiles/cmTC_290e4.dir/feature_tests.cxx.o -c /home/lumi/code/cpp/d++cord/plugins/example_plugin/CMakeFiles/feature_tests.cxx
Linking CXX executable cmTC_290e4
/usr/bin/cmake -E cmake_link_script CMakeFiles/cmTC_290e4.dir/link.txt --verbose=1
/usr/bin/clang++       CMakeFiles/cmTC_290e4.dir/feature_tests.cxx.o  -o cmTC_290e4 
make[1]: Leaving directory '/home/lumi/code/cpp/d++cord/plugins/example_plugin/CMakeFiles/CMakeTmp'


    Feature record: CXX_FEATURE:1cxx_aggregate_default_initializers
    Feature record: CXX_FEATURE:1cxx_alias_templates
    Feature record: CXX_FEATURE:1cxx_alignas
    Feature record: CXX_FEATURE:1cxx_alignof
    Feature record: CXX_FEATURE:1cxx_attributes
    Feature record: CXX_FEATURE:1cxx_attribute_deprecated
    Feature record: CXX_FEATURE:1cxx_auto_type
    Feature record: CXX_FEATURE:1cxx_binary_literals
    Feature record: CXX_FEATURE:1cxx_constexpr
    Feature record: CXX_FEATURE:1cxx_contextual_conversions
    Feature record: CXX_FEATURE:1cxx_decltype
    Feature record: CXX_FEATURE:1cxx_decltype_auto
    Feature record: CXX_FEATURE:1cxx_decltype_incomplete_return_types
    Feature record: CXX_FEATURE:1cxx_default_function_template_args
    Feature record: CXX_FEATURE:1cxx_defaulted_functions
    Feature record: CXX_FEATURE:1cxx_defaulted_move_initializers
    Feature record: CXX_FEATURE:1cxx_delegating_constructors
    Feature record: CXX_FEATURE:1cxx_deleted_functions
    Feature record: CXX_FEATURE:1cxx_digit_separators
    Feature record: CXX_FEATURE:1cxx_enum_forward_declarations
    Feature record: CXX_FEATURE:1cxx_explicit_conversions
    Feature record: CXX_FEATURE:1cxx_extended_friend_declarations
    Feature record: CXX_FEATURE:1cxx_extern_templates
    Feature record: CXX_FEATURE:1cxx_final
    Feature record: CXX_FEATURE:1cxx_func_identifier
    Feature record: CXX_FEATURE:1cxx_generalized_initializers
    Feature record: CXX_FEATURE:1cxx_generic_lambdas
    Feature record: CXX_FEATURE:1cxx_inheriting_constructors
    Feature record: CXX_FEATURE:1cxx_inline_namespaces
    Feature record: CXX_FEATURE:1cxx_lambdas
    Feature record: CXX_FEATURE:1cxx_lambda_init_captures
    Feature record: CXX_FEATURE:1cxx_local_type_template_args
    Feature record: CXX_FEATURE:1cxx_long_long_type
    Feature record: CXX_FEATURE:1cxx_noexcept
    Feature record: CXX_FEATURE:1cxx_nonstatic_member_init
    Feature record: CXX_FEATURE:1cxx_nullptr
    Feature record: CXX_FEATURE:1cxx_override
    Feature record: CXX_FEATURE:1cxx_range_for
    Feature record: CXX_FEATURE:1cxx_raw_string_literals
    Feature record: CXX_FEATURE:1cxx_reference_qualified_functions
    Feature record: CXX_FEATURE:1cxx_relaxed_constexpr
    Feature record: CXX_FEATURE:1cxx_return_type_deduction
    Feature record: CXX_FEATURE:1cxx_right_angle_brackets
    Feature record: CXX_FEATURE:1cxx_rvalue_references
    Feature record: CXX_FEATURE:1cxx_sizeof_member
    Feature record: CXX_FEATURE:1cxx_static_assert
    Feature record: CXX_FEATURE:1cxx_strong_enums
    Feature record: CXX_FEATURE:1cxx_template_template_parameters
    Feature record: CXX_FEATURE:1cxx_thread_local
    Feature record: CXX_FEATURE:1cxx_trailing_return_types
    Feature record: CXX_FEATURE:1cxx_unicode_literals
    Feature record: CXX_FEATURE:1cxx_uniform_initialization
    Feature record: CXX_FEATURE:1cxx_unrestricted_unions
    Feature record: CXX_FEATURE:1cxx_user_literals
    Feature record: CXX_FEATURE:1cxx_variable_templates
    Feature record: CXX_FEATURE:1cxx_variadic_macros
    Feature record: CXX_FEATURE:1cxx_variadic_templates


Detecting CXX [-std=c++17] compiler features compiled with the following output:
Change Dir: /home/lumi/code/cpp/d++cord/plugins/example_plugin/CMakeFiles/CMakeTmp

Run Build Command(s):/usr/bin/make cmTC_03eea/fast 
/usr/bin/make -f CMakeFiles/cmTC_03eea.dir/build.make CMakeFiles/cmTC_03eea.dir/build
make[1]: Entering directory '/home/lumi/code/cpp/d++cord/plugins/example_plugin/CMakeFiles/CMakeTmp'
Building CXX object CMakeFiles/cmTC_03eea.dir/feature_tests.cxx.o
/usr/bin/clang++    -std=c++17 -o CMakeFiles/cmTC_03eea.dir/feature_tests.cxx.o -c /home/lumi/code/cpp/d++cord/plugins/example_plugin/CMakeFiles/feature_tests.cxx
Linking CXX executable cmTC_03eea
/usr/bin/cmake -E cmake_link_script CMakeFiles/cmTC_03eea.dir/link.txt --verbose=1
/usr/bin/clang++       CMakeFiles/cmTC_03eea.dir/feature_tests.cxx.o  -o cmTC_03eea 
make[1]: Leaving directory '/home/lumi/code/cpp/d++cord/plugins/example_plugin/CMakeFiles/CMakeTmp'


    Feature record: CXX_FEATURE:1cxx_aggregate_default_initializers
    Feature record: CXX_FEATURE:1cxx_alias_templates
    Feature record: CXX_FEATURE:1cxx_alignas
    Feature record: CXX_FEATURE:1cxx_alignof
    Feature record: CXX_FEATURE:1cxx_attributes
    Feature record: CXX_FEATURE:1cxx_attribute_deprecated
    Feature record: CXX_FEATURE:1cxx_auto_type
    Feature record: CXX_FEATURE:1cxx_binary_literals
    Feature record: CXX_FEATURE:1cxx_constexpr
    Feature record: CXX_FEATURE:1cxx_contextual_conversions
    Feature record: CXX_FEATURE:1cxx_decltype
    Feature record: CXX_FEATURE:1cxx_decltype_auto
    Feature record: CXX_FEATURE:1cxx_decltype_incomplete_return_types
    Feature record: CXX_FEATURE:1cxx_default_function_template_args
    Feature record: CXX_FEATURE:1cxx_defaulted_functions
    Feature record: CXX_FEATURE:1cxx_defaulted_move_initializers
    Feature record: CXX_FEATURE:1cxx_delegating_constructors
    Feature record: CXX_FEATURE:1cxx_deleted_functions
    Feature record: CXX_FEATURE:1cxx_digit_separators
    Feature record: CXX_FEATURE:1cxx_enum_forward_declarations
    Feature record: CXX_FEATURE:1cxx_explicit_conversions
    Feature record: CXX_FEATURE:1cxx_extended_friend_declarations
    Feature record: CXX_FEATURE:1cxx_extern_templates
    Feature record: CXX_FEATURE:1cxx_final
    Feature record: CXX_FEATURE:1cxx_func_identifier
    Feature record: CXX_FEATURE:1cxx_generalized_initializers
    Feature record: CXX_FEATURE:1cxx_generic_lambdas
    Feature record: CXX_FEATURE:1cxx_inheriting_constructors
    Feature record: CXX_FEATURE:1cxx_inline_namespaces
    Feature record: CXX_FEATURE:1cxx_lambdas
    Feature record: CXX_FEATURE:1cxx_lambda_init_captures
    Feature record: CXX_FEATURE:1cxx_local_type_template_args
    Feature record: CXX_FEATURE:1cxx_long_long_type
    Feature record: CXX_FEATURE:1cxx_noexcept
    Feature record: CXX_FEATURE:1cxx_nonstatic_member_init
    Feature record: CXX_FEATURE:1cxx_nullptr
    Feature record: CXX_FEATURE:1cxx_override
    Feature record: CXX_FEATURE:1cxx_range_for
    Feature record: CXX_FEATURE:1cxx_raw_string_literals
    Feature record: CXX_FEATURE:1cxx_reference_qualified_functions
    Feature record: CXX_FEATURE:1cxx_relaxed_constexpr
    Feature record: CXX_FEATURE:1cxx_return_type_deduction
    Feature record: CXX_FEATURE:1cxx_right_angle_brackets
    Feature record: CXX_FEATURE:1cxx_rvalue_references
    Feature record: CXX_FEATURE:1cxx_sizeof_member
    Feature record: CXX_FEATURE:1cxx_static_assert
    Feature record: CXX_FEATURE:1cxx_strong_enums
    Feature record: CXX_FEATURE:1cxx_template_template_parameters
    Feature record: CXX_FEATURE:1cxx_thread_local
    Feature record: CXX_FEATURE:1cxx_trailing_return_types
    Feature record: CXX_FEATURE:1cxx_unicode_literals
    Feature record: CXX_FEATURE:1cxx_uniform_initialization
    Feature record: CXX_FEATURE:1cxx_unrestricted_unions
    Feature record: CXX_FEATURE:1cxx_user_literals
    Feature record: CXX_FEATURE:1cxx_variable_templates
    Feature record: CXX_FEATURE:1cxx_variadic_macros
    Feature record: CXX_FEATURE:1cxx_variadic_templates


Detecting CXX [-std=c++14] compiler features compiled with the following output:
Change Dir: /home/lumi/code/cpp/d++cord/plugins/example_plugin/CMakeFiles/CMakeTmp

Run Build Command(s):/usr/bin/make cmTC_7044d/fast 
/usr/bin/make -f CMakeFiles/cmTC_7044d.dir/build.make CMakeFiles/cmTC_7044d.dir/build
make[1]: Entering directory '/home/lumi/code/cpp/d++cord/plugins/example_plugin/CMakeFiles/CMakeTmp'
Building CXX object CMakeFiles/cmTC_7044d.dir/feature_tests.cxx.o
/usr/bin/clang++    -std=c++14 -o CMakeFiles/cmTC_7044d.dir/feature_tests.cxx.o -c /home/lumi/code/cpp/d++cord/plugins/example_plugin/CMakeFiles/feature_tests.cxx
Linking CXX executable cmTC_7044d
/usr/bin/cmake -E cmake_link_script CMakeFiles/cmTC_7044d.dir/link.txt --verbose=1
/usr/bin/clang++       CMakeFiles/cmTC_7044d.dir/feature_tests.cxx.o  -o cmTC_7044d 
make[1]: Leaving directory '/home/lumi/code/cpp/d++cord/plugins/example_plugin/CMakeFiles/CMakeTmp'


    Feature record: CXX_FEATURE:1cxx_aggregate_default_initializers
    Feature record: CXX_FEATURE:1cxx_alias_templates
    Feature record: CXX_FEATURE:1cxx_alignas
    Feature record: CXX_FEATURE:1cxx_alignof
    Feature record: CXX_FEATURE:1cxx_attributes
    Feature record: CXX_FEATURE:1cxx_attribute_deprecated
    Feature record: CXX_FEATURE:1cxx_auto_type
    Feature record: CXX_FEATURE:1cxx_binary_literals
    Feature record: CXX_FEATURE:1cxx_constexpr
    Feature record: CXX_FEATURE:1cxx_contextual_conversions
    Feature record: CXX_FEATURE:1cxx_decltype
    Feature record: CXX_FEATURE:1cxx_decltype_auto
    Feature record: CXX_FEATURE:1cxx_decltype_incomplete_return_types
    Feature record: CXX_FEATURE:1cxx_default_function_template_args
    Feature record: CXX_FEATURE:1cxx_defaulted_functions
    Feature record: CXX_FEATURE:1cxx_defaulted_move_initializers
    Feature record: CXX_FEATURE:1cxx_delegating_constructors
    Feature record: CXX_FEATURE:1cxx_deleted_functions
    Feature record: CXX_FEATURE:1cxx_digit_separators
    Feature record: CXX_FEATURE:1cxx_enum_forward_declarations
    Feature record: CXX_FEATURE:1cxx_explicit_conversions
    Feature record: CXX_FEATURE:1cxx_extended_friend_declarations
    Feature record: CXX_FEATURE:1cxx_extern_templates
    Feature record: CXX_FEATURE:1cxx_final
    Feature record: CXX_FEATURE:1cxx_func_identifier
    Feature record: CXX_FEATURE:1cxx_generalized_initializers
    Feature record: CXX_FEATURE:1cxx_generic_lambdas
    Feature record: CXX_FEATURE:1cxx_inheriting_constructors
    Feature record: CXX_FEATURE:1cxx_inline_namespaces
    Feature record: CXX_FEATURE:1cxx_lambdas
    Feature record: CXX_FEATURE:1cxx_lambda_init_captures
    Feature record: CXX_FEATURE:1cxx_local_type_template_args
    Feature record: CXX_FEATURE:1cxx_long_long_type
    Feature record: CXX_FEATURE:1cxx_noexcept
    Feature record: CXX_FEATURE:1cxx_nonstatic_member_init
    Feature record: CXX_FEATURE:1cxx_nullptr
    Feature record: CXX_FEATURE:1cxx_override
    Feature record: CXX_FEATURE:1cxx_range_for
    Feature record: CXX_FEATURE:1cxx_raw_string_literals
    Feature record: CXX_FEATURE:1cxx_reference_qualified_functions
    Feature record: CXX_FEATURE:1cxx_relaxed_constexpr
    Feature record: CXX_FEATURE:1cxx_return_type_deduction
    Feature record: CXX_FEATURE:1cxx_right_angle_brackets
    Feature record: CXX_FEATURE:1cxx_rvalue_references
    Feature record: CXX_FEATURE:1cxx_sizeof_member
    Feature record: CXX_FEATURE:1cxx_static_assert
    Feature record: CXX_FEATURE:1cxx_strong_enums
    Feature record: CXX_FEATURE:1cxx_template_template_parameters
    Feature record: CXX_FEATURE:1cxx_thread_local
    Feature record: CXX_FEATURE:1cxx_trailing_return_types
    Feature record: CXX_FEATURE:1cxx_unicode_literals
    Feature record: CXX_FEATURE:1cxx_uniform_initialization
    Feature record: CXX_FEATURE:1cxx_unrestricted_unions
    Feature record: CXX_FEATURE:1cxx_user_literals
    Feature record: CXX_FEATURE:1cxx_variable_templates
    Feature record: CXX_FEATURE:1cxx_variadic_macros
    Feature record: CXX_FEATURE:1cxx_variadic_templates


Detecting CXX [-std=c++11] compiler features compiled with the following output:
Change Dir: /home/lumi/code/cpp/d++cord/plugins/example_plugin/CMakeFiles/CMakeTmp

Run Build Command(s):/usr/bin/make cmTC_a65b3/fast 
/usr/bin/make -f CMakeFiles/cmTC_a65b3.dir/build.make CMakeFiles/cmTC_a65b3.dir/build
make[1]: Entering directory '/home/lumi/code/cpp/d++cord/plugins/example_plugin/CMakeFiles/CMakeTmp'
Building CXX object CMakeFiles/cmTC_a65b3.dir/feature_tests.cxx.o
/usr/bin/clang++    -std=c++11 -o CMakeFiles/cmTC_a65b3.dir/feature_tests.cxx.o -c /home/lumi/code/cpp/d++cord/plugins/example_plugin/CMakeFiles/feature_tests.cxx
Linking CXX executable cmTC_a65b3
/usr/bin/cmake -E cmake_link_script CMakeFiles/cmTC_a65b3.dir/link.txt --verbose=1
/usr/bin/clang++       CMakeFiles/cmTC_a65b3.dir/feature_tests.cxx.o  -o cmTC_a65b3 
make[1]: Leaving directory '/home/lumi/code/cpp/d++cord/plugins/example_plugin/CMakeFiles/CMakeTmp'


    Feature record: CXX_FEATURE:0cxx_aggregate_default_initializers
    Feature record: CXX_FEATURE:1cxx_alias_templates
    Feature record: CXX_FEATURE:1cxx_alignas
    Feature record: CXX_FEATURE:1cxx_alignof
    Feature record: CXX_FEATURE:1cxx_attributes
    Feature record: CXX_FEATURE:0cxx_attribute_deprecated
    Feature record: CXX_FEATURE:1cxx_auto_type
    Feature record: CXX_FEATURE:0cxx_binary_literals
    Feature record: CXX_FEATURE:1cxx_constexpr
    Feature record: CXX_FEATURE:0cxx_contextual_conversions
    Feature record: CXX_FEATURE:1cxx_decltype
    Feature record: CXX_FEATURE:0cxx_decltype_auto
    Feature record: CXX_FEATURE:1cxx_decltype_incomplete_return_types
    Feature record: CXX_FEATURE:1cxx_default_function_template_args
    Feature record: CXX_FEATURE:1cxx_defaulted_functions
    Feature record: CXX_FEATURE:1cxx_defaulted_move_initializers
    Feature record: CXX_FEATURE:1cxx_delegating_constructors
    Feature record: CXX_FEATURE:1cxx_deleted_functions
    Feature record: CXX_FEATURE:0cxx_digit_separators
    Feature record: CXX_FEATURE:1cxx_enum_forward_declarations
    Feature record: CXX_FEATURE:1cxx_explicit_conversions
    Feature record: CXX_FEATURE:1cxx_extended_friend_declarations
    Feature record: CXX_FEATURE:1cxx_extern_templates
    Feature record: CXX_FEATURE:1cxx_final
    Feature record: CXX_FEATURE:1cxx_func_identifier
    Feature record: CXX_FEATURE:1cxx_generalized_initializers
    Feature record: CXX_FEATURE:0cxx_generic_lambdas
    Feature record: CXX_FEATURE:1cxx_inheriting_constructors
    Feature record: CXX_FEATURE:1cxx_inline_namespaces
    Feature record: CXX_FEATURE:1cxx_lambdas
    Feature record: CXX_FEATURE:0cxx_lambda_init_captures
    Feature record: CXX_FEATURE:1cxx_local_type_template_args
    Feature record: CXX_FEATURE:1cxx_long_long_type
    Feature record: CXX_FEATURE:1cxx_noexcept
    Feature record: CXX_FEATURE:1cxx_nonstatic_member_init
    Feature record: CXX_FEATURE:1cxx_nullptr
    Feature record: CXX_FEATURE:1cxx_override
    Feature record: CXX_FEATURE:1cxx_range_for
    Feature record: CXX_FEATURE:1cxx_raw_string_literals
    Feature record: CXX_FEATURE:1cxx_reference_qualified_functions
    Feature record: CXX_FEATURE:0cxx_relaxed_constexpr
    Feature record: CXX_FEATURE:0cxx_return_type_deduction
    Feature record: CXX_FEATURE:1cxx_right_angle_brackets
    Feature record: CXX_FEATURE:1cxx_rvalue_references
    Feature record: CXX_FEATURE:1cxx_sizeof_member
    Feature record: CXX_FEATURE:1cxx_static_assert
    Feature record: CXX_FEATURE:1cxx_strong_enums
    Feature record: CXX_FEATURE:1cxx_template_template_parameters
    Feature record: CXX_FEATURE:1cxx_thread_local
    Feature record: CXX_FEATURE:1cxx_trailing_return_types
    Feature record: CXX_FEATURE:1cxx_unicode_literals
    Feature record: CXX_FEATURE:1cxx_uniform_initialization
    Feature record: CXX_FEATURE:1cxx_unrestricted_unions
    Feature record: CXX_FEATURE:1cxx_user_literals
    Feature record: CXX_FEATURE:0cxx_variable_templates
    Feature record: CXX_FEATURE:1cxx_variadic_macros
    Feature record: CXX_FEATURE:1cxx_variadic_templates


Detecting CXX [-std=c++98] compiler features compiled with the following output:
Change Dir: /home/lumi/code/cpp/d++cord/plugins/example_plugin/CMakeFiles/CMakeTmp

Run Build Command(s):/usr/bin/make cmTC_e8da6/fast 
/usr/bin/make -f CMakeFiles/cmTC_e8da6.dir/build.make CMakeFiles/cmTC_e8da6.dir/build
make[1]: Entering directory '/home/lumi/code/cpp/d++cord/plugins/example_plugin/CMakeFiles/CMakeTmp'
Building CXX object CMakeFiles/cmTC_e8da6.dir/feature_tests.cxx.o
/usr/bin/clang++    -std=c++98 -o CMakeFiles/cmTC_e8da6.dir/feature_tests.cxx.o -c /home/lumi/code/cpp/d++cord/plugins/example_plugin/CMakeFiles/feature_tests.cxx
Linking CXX executable cmTC_e8da6
/usr/bin/cmake -E cmake_link_script CMakeFiles/cmTC_e8da6.dir/link.txt --verbose=1
/usr/bin/clang++       CMakeFiles/cmTC_e8da6.dir/feature_tests.cxx.o  -o cmTC_e8da6 
make[1]: Leaving directory '/home/lumi/code/cpp/d++cord/plugins/example_plugin/CMakeFiles/CMakeTmp'


    Feature record: CXX_FEATURE:0cxx_aggregate_default_initializers
    Feature record: CXX_FEATURE:0cxx_alias_templates
    Feature record: CXX_FEATURE:0cxx_alignas
    Feature record: CXX_FEATURE:0cxx_alignof
    Feature record: CXX_FEATURE:0cxx_attributes
    Feature record: CXX_FEATURE:0cxx_attribute_deprecated
    Feature record: CXX_FEATURE:0cxx_auto_type
    Feature record: CXX_FEATURE:0cxx_binary_literals
    Feature record: CXX_FEATURE:0cxx_constexpr
    Feature record: CXX_FEATURE:0cxx_contextual_conversions
    Feature record: CXX_FEATURE:0cxx_decltype
    Feature record: CXX_FEATURE:0cxx_decltype_auto
    Feature record: CXX_FEATURE:0cxx_decltype_incomplete_return_types
    Feature record: CXX_FEATURE:0cxx_default_function_template_args
    Feature record: CXX_FEATURE:0cxx_defaulted_functions
    Feature record: CXX_FEATURE:0cxx_defaulted_move_initializers
    Feature record: CXX_FEATURE:0cxx_delegating_constructors
    Feature record: CXX_FEATURE:0cxx_deleted_functions
    Feature record: CXX_FEATURE:0cxx_digit_separators
    Feature record: CXX_FEATURE:0cxx_enum_forward_declarations
    Feature record: CXX_FEATURE:0cxx_explicit_conversions
    Feature record: CXX_FEATURE:0cxx_extended_friend_declarations
    Feature record: CXX_FEATURE:0cxx_extern_templates
    Feature record: CXX_FEATURE:0cxx_final
    Feature record: CXX_FEATURE:0cxx_func_identifier
    Feature record: CXX_FEATURE:0cxx_generalized_initializers
    Feature record: CXX_FEATURE:0cxx_generic_lambdas
    Feature record: CXX_FEATURE:0cxx_inheriting_constructors
    Feature record: CXX_FEATURE:0cxx_inline_namespaces
    Feature record: CXX_FEATURE:0cxx_lambdas
    Feature record: CXX_FEATURE:0cxx_lambda_init_captures
    Feature record: CXX_FEATURE:0cxx_local_type_template_args
    Feature record: CXX_FEATURE:0cxx_long_long_type
    Feature record: CXX_FEATURE:0cxx_noexcept
    Feature record: CXX_FEATURE:0cxx_nonstatic_member_init
    Feature record: CXX_FEATURE:0cxx_nullptr
    Feature record: CXX_FEATURE:0cxx_override
    Feature record: CXX_FEATURE:0cxx_range_for
    Feature record: CXX_FEATURE:0cxx_raw_string_literals
    Feature record: CXX_FEATURE:0cxx_reference_qualified_functions
    Feature record: CXX_FEATURE:0cxx_relaxed_constexpr
    Feature record: CXX_FEATURE:0cxx_return_type_deduction
    Feature record: CXX_FEATURE:0cxx_right_angle_brackets
    Feature record: CXX_FEATURE:0cxx_rvalue_references
    Feature record: CXX_FEATURE:0cxx_sizeof_member
    Feature record: CXX_FEATURE:0cxx_static_assert
    Feature record: CXX_FEATURE:0cxx_strong_enums
    Feature record: CXX_FEATURE:1cxx_template_template_parameters
    Feature record: CXX_FEATURE:0cxx_thread_local
    Feature record: CXX_FEATURE:0cxx_trailing_return_types
    Feature record: CXX_FEATURE:0cxx_unicode_literals
    Feature record: CXX_FEATURE:0cxx_uniform_initialization
    Feature record: CXX_FEATURE:0cxx_unrestricted_unions
    Feature record: CXX_FEATURE:0cxx_user_literals
    Feature record: CXX_FEATURE:0cxx_variable_templates
    Feature record: CXX_FEATURE:0cxx_variadic_macros
    Feature record: CXX_FEATURE:0cxx_variadic_templates
